Flow report for div_2
Thu Mar 15 17:41:02 2018
Quartus Prime Version 16.1.0 Build 196 10/24/2016 SJ Lite Edition


---------------------
; Table of Contents ;
---------------------
  1. Legal Notice
  2. Flow Summary
  3. Flow Settings
  4. Flow Non-Default Global Settings
  5. Flow Elapsed Time
  6. Flow OS Summary
  7. Flow Log
  8. Flow Messages
  9. Flow Suppressed Messages



----------------
; Legal Notice ;
----------------
Copyright (C) 2016  Intel Corporation. All rights reserved.
Your use of Intel Corporation's design tools, logic functions 
and other software and tools, and its AMPP partner logic 
functions, and any output files from any of the foregoing 
(including device programming or simulation files), and any 
associated documentation or information are expressly subject 
to the terms and conditions of the Intel Program License 
Subscription Agreement, the Intel Quartus Prime License Agreement,
the Intel MegaCore Function License Agreement, or other 
applicable license agreement, including, without limitation, 
that your use is for the sole purpose of programming logic 
devices manufactured by Intel and sold by Intel or its 
authorized distributors.  Please refer to the applicable 
agreement for further details.



+---------------------------------------------------------------------+
; Flow Summary                                                        ;
+-----------------------+---------------------------------------------+
; Flow Status           ; Successful - Thu Mar 15 17:41:02 2018       ;
; Quartus Prime Version ; 16.1.0 Build 196 10/24/2016 SJ Lite Edition ;
; Revision Name         ; div_2                                       ;
; Top-level Entity Name ; Div_2                                       ;
; Family                ; MAX V                                       ;
; Device                ; 5M1270ZT144C5                               ;
; Timing Models         ; Final                                       ;
; Total logic elements  ; 0 / 1,270 ( 0 % )                           ;
; Total pins            ; 3 / 114 ( 3 % )                             ;
; Total virtual pins    ; 0                                           ;
; UFM blocks            ; 0 / 1 ( 0 % )                               ;
+-----------------------+---------------------------------------------+


+-----------------------------------------+
; Flow Settings                           ;
+-------------------+---------------------+
; Option            ; Setting             ;
+-------------------+---------------------+
; Start date & time ; 03/15/2018 17:40:41 ;
; Main task         ; Compilation         ;
; Revision Name     ; div_2               ;
+-------------------+---------------------+


+---------------------------------------------------------------------------------------------------------------+
; Flow Non-Default Global Settings                                                                              ;
+-------------------------------+--------------------------------+---------------+-------------+----------------+
; Assignment Name               ; Value                          ; Default Value ; Entity Name ; Section Id     ;
+-------------------------------+--------------------------------+---------------+-------------+----------------+
; COMPILER_SIGNATURE_ID         ; 80067388455016.152111584010404 ; --            ; --          ; --             ;
; EDA_OUTPUT_DATA_FORMAT        ; Vhdl                           ; --            ; --          ; eda_simulation ;
; EDA_SIMULATION_TOOL           ; ModelSim-Altera (VHDL)         ; <None>        ; --          ; --             ;
; EDA_TIME_SCALE                ; 1 ps                           ; --            ; --          ; eda_simulation ;
; MAX_CORE_JUNCTION_TEMP        ; 85                             ; --            ; --          ; --             ;
; MIN_CORE_JUNCTION_TEMP        ; 0                              ; --            ; --          ; --             ;
; POWER_PRESET_COOLING_SOLUTION ; No Heat Sink With Still Air    ; --            ; --          ; --             ;
; PROJECT_OUTPUT_DIRECTORY      ; output_files                   ; --            ; --          ; --             ;
+-------------------------------+--------------------------------+---------------+-------------+----------------+


+-------------------------------------------------------------------------------------------------------------------------------+
; Flow Elapsed Time                                                                                                             ;
+---------------------------+--------------+-------------------------+---------------------+------------------------------------+
; Module Name               ; Elapsed Time ; Average Processors Used ; Peak Virtual Memory ; Total CPU Time (on all processors) ;
+---------------------------+--------------+-------------------------+---------------------+------------------------------------+
; Analysis & Synthesis      ; 00:00:16     ; 1.0                     ; 941 MB              ; 00:00:38                           ;
; Fitter                    ; 00:00:01     ; 1.0                     ; 1028 MB             ; 00:00:01                           ;
; Assembler                 ; 00:00:00     ; 1.0                     ; 791 MB              ; 00:00:01                           ;
; TimeQuest Timing Analyzer ; 00:00:00     ; 1.0                     ; 723 MB              ; 00:00:01                           ;
; EDA Netlist Writer        ; 00:00:01     ; 1.0                     ; 1023 MB             ; 00:00:00                           ;
; Total                     ; 00:00:18     ; --                      ; --                  ; 00:00:41                           ;
+---------------------------+--------------+-------------------------+---------------------+------------------------------------+


+---------------------------------------------------------------------------------------------+
; Flow OS Summary                                                                             ;
+---------------------------+------------------+----------------+------------+----------------+
; Module Name               ; Machine Hostname ; OS Name        ; OS Version ; Processor type ;
+---------------------------+------------------+----------------+------------+----------------+
; Analysis & Synthesis      ; terminator       ; Ubuntu 16.04.3 ; 16         ; x86_64         ;
; Fitter                    ; terminator       ; Ubuntu 16.04.3 ; 16         ; x86_64         ;
; Assembler                 ; terminator       ; Ubuntu 16.04.3 ; 16         ; x86_64         ;
; TimeQuest Timing Analyzer ; terminator       ; Ubuntu 16.04.3 ; 16         ; x86_64         ;
; EDA Netlist Writer        ; terminator       ; Ubuntu 16.04.3 ; 16         ; x86_64         ;
+---------------------------+------------------+----------------+------------+----------------+


------------
; Flow Log ;
------------
quartus_map --read_settings_files=on --write_settings_files=off div_2 -c div_2
quartus_fit --read_settings_files=off --write_settings_files=off div_2 -c div_2
quartus_asm --read_settings_files=off --write_settings_files=off div_2 -c div_2
quartus_sta div_2 -c div_2
quartus_eda --read_settings_files=off --write_settings_files=off div_2 -c div_2



