Analysis & Synthesis report for div_2
Thu Mar 15 17:40:56 2018
Quartus Prime Version 16.1.0 Build 196 10/24/2016 SJ Lite Edition


---------------------
; Table of Contents ;
---------------------
  1. Legal Notice
  2. Analysis & Synthesis Summary
  3. Analysis & Synthesis Settings
  4. Parallel Compilation
  5. Analysis & Synthesis Source Files Read
  6. Analysis & Synthesis Resource Usage Summary
  7. Analysis & Synthesis Resource Utilization by Entity
  8. General Register Statistics
  9. Port Connectivity Checks: "D_FF1:DF_0"
 10. Analysis & Synthesis Messages



----------------
; Legal Notice ;
----------------
Copyright (C) 2016  Intel Corporation. All rights reserved.
Your use of Intel Corporation's design tools, logic functions 
and other software and tools, and its AMPP partner logic 
functions, and any output files from any of the foregoing 
(including device programming or simulation files), and any 
associated documentation or information are expressly subject 
to the terms and conditions of the Intel Program License 
Subscription Agreement, the Intel Quartus Prime License Agreement,
the Intel MegaCore Function License Agreement, or other 
applicable license agreement, including, without limitation, 
that your use is for the sole purpose of programming logic 
devices manufactured by Intel and sold by Intel or its 
authorized distributors.  Please refer to the applicable 
agreement for further details.



+---------------------------------------------------------------------------+
; Analysis & Synthesis Summary                                              ;
+-----------------------------+---------------------------------------------+
; Analysis & Synthesis Status ; Successful - Thu Mar 15 17:40:56 2018       ;
; Quartus Prime Version       ; 16.1.0 Build 196 10/24/2016 SJ Lite Edition ;
; Revision Name               ; div_2                                       ;
; Top-level Entity Name       ; Div_2                                       ;
; Family                      ; MAX V                                       ;
; Total logic elements        ; 0                                           ;
; Total pins                  ; 3                                           ;
; Total virtual pins          ; 0                                           ;
; UFM blocks                  ; 0 / 1 ( 0 % )                               ;
+-----------------------------+---------------------------------------------+


+----------------------------------------------------------------------------------------------------------------------+
; Analysis & Synthesis Settings                                                                                        ;
+----------------------------------------------------------------------------+--------------------+--------------------+
; Option                                                                     ; Setting            ; Default Value      ;
+----------------------------------------------------------------------------+--------------------+--------------------+
; Device                                                                     ; 5M1270ZT144C5      ;                    ;
; Top-level entity name                                                      ; div_2              ; div_2              ;
; Family name                                                                ; MAX V              ; Cyclone V          ;
; Use smart compilation                                                      ; Off                ; Off                ;
; Enable parallel Assembler and TimeQuest Timing Analyzer during compilation ; On                 ; On                 ;
; Enable compact report table                                                ; Off                ; Off                ;
; Restructure Multiplexers                                                   ; Auto               ; Auto               ;
; Create Debugging Nodes for IP Cores                                        ; Off                ; Off                ;
; Preserve fewer node names                                                  ; On                 ; On                 ;
; OpenCore Plus hardware evaluation                                          ; Enable             ; Enable             ;
; Verilog Version                                                            ; Verilog_2001       ; Verilog_2001       ;
; VHDL Version                                                               ; VHDL_1993          ; VHDL_1993          ;
; State Machine Processing                                                   ; Auto               ; Auto               ;
; Safe State Machine                                                         ; Off                ; Off                ;
; Extract Verilog State Machines                                             ; On                 ; On                 ;
; Extract VHDL State Machines                                                ; On                 ; On                 ;
; Ignore Verilog initial constructs                                          ; Off                ; Off                ;
; Iteration limit for constant Verilog loops                                 ; 5000               ; 5000               ;
; Iteration limit for non-constant Verilog loops                             ; 250                ; 250                ;
; Add Pass-Through Logic to Inferred RAMs                                    ; On                 ; On                 ;
; Infer RAMs from Raw Logic                                                  ; On                 ; On                 ;
; Parallel Synthesis                                                         ; On                 ; On                 ;
; NOT Gate Push-Back                                                         ; On                 ; On                 ;
; Power-Up Don't Care                                                        ; On                 ; On                 ;
; Remove Redundant Logic Cells                                               ; Off                ; Off                ;
; Remove Duplicate Registers                                                 ; On                 ; On                 ;
; Ignore CARRY Buffers                                                       ; Off                ; Off                ;
; Ignore CASCADE Buffers                                                     ; Off                ; Off                ;
; Ignore GLOBAL Buffers                                                      ; Off                ; Off                ;
; Ignore ROW GLOBAL Buffers                                                  ; Off                ; Off                ;
; Ignore LCELL Buffers                                                       ; Off                ; Off                ;
; Ignore SOFT Buffers                                                        ; On                 ; On                 ;
; Limit AHDL Integers to 32 Bits                                             ; Off                ; Off                ;
; Optimization Technique                                                     ; Balanced           ; Balanced           ;
; Carry Chain Length                                                         ; 70                 ; 70                 ;
; Auto Carry Chains                                                          ; On                 ; On                 ;
; Auto Open-Drain Pins                                                       ; On                 ; On                 ;
; Perform WYSIWYG Primitive Resynthesis                                      ; Off                ; Off                ;
; Auto Shift Register Replacement                                            ; Auto               ; Auto               ;
; Allow Shift Register Merging across Hierarchies                            ; Auto               ; Auto               ;
; Auto Clock Enable Replacement                                              ; On                 ; On                 ;
; Allow Synchronous Control Signals                                          ; On                 ; On                 ;
; Force Use of Synchronous Clear Signals                                     ; Off                ; Off                ;
; Auto Resource Sharing                                                      ; Off                ; Off                ;
; Use LogicLock Constraints during Resource Balancing                        ; On                 ; On                 ;
; Ignore translate_off and synthesis_off directives                          ; Off                ; Off                ;
; Report Parameter Settings                                                  ; On                 ; On                 ;
; Report Source Assignments                                                  ; On                 ; On                 ;
; Report Connectivity Checks                                                 ; On                 ; On                 ;
; Ignore Maximum Fan-Out Assignments                                         ; Off                ; Off                ;
; Synchronization Register Chain Length                                      ; 2                  ; 2                  ;
; PowerPlay Power Optimization During Synthesis                              ; Normal compilation ; Normal compilation ;
; HDL message level                                                          ; Level2             ; Level2             ;
; Suppress Register Optimization Related Messages                            ; Off                ; Off                ;
; Number of Removed Registers Reported in Synthesis Report                   ; 5000               ; 5000               ;
; Number of Swept Nodes Reported in Synthesis Report                         ; 5000               ; 5000               ;
; Number of Inverted Registers Reported in Synthesis Report                  ; 100                ; 100                ;
; Clock MUX Protection                                                       ; On                 ; On                 ;
; Block Design Naming                                                        ; Auto               ; Auto               ;
; Synthesis Effort                                                           ; Auto               ; Auto               ;
; Shift Register Replacement - Allow Asynchronous Clear Signal               ; On                 ; On                 ;
; Analysis & Synthesis Message Level                                         ; Medium             ; Medium             ;
; Disable Register Merging Across Hierarchies                                ; Auto               ; Auto               ;
+----------------------------------------------------------------------------+--------------------+--------------------+


+------------------------------------------+
; Parallel Compilation                     ;
+----------------------------+-------------+
; Processors                 ; Number      ;
+----------------------------+-------------+
; Number detected on machine ; 4           ;
; Maximum allowed            ; 2           ;
;                            ;             ;
; Average used               ; 1.00        ;
; Maximum used               ; 1           ;
;                            ;             ;
; Usage by Processor         ; % Time Used ;
;     Processor 1            ; 100.0%      ;
+----------------------------+-------------+


+---------------------------------------------------------------------------------------------------------------------------------------------+
; Analysis & Synthesis Source Files Read                                                                                                      ;
+----------------------------------+-----------------+-----------------+------------------------------------------------------------+---------+
; File Name with User-Entered Path ; Used in Netlist ; File Type       ; File Name with Absolute Path                               ; Library ;
+----------------------------------+-----------------+-----------------+------------------------------------------------------------+---------+
; ../D_FF1.vhd                     ; yes             ; User VHDL File  ; /home/navnit1224/EEsem4/214/Debouncing _a_switch/D_FF1.vhd ;         ;
; ../div_2.vhd                     ; yes             ; User VHDL File  ; /home/navnit1224/EEsem4/214/Debouncing _a_switch/div_2.vhd ;         ;
+----------------------------------+-----------------+-----------------+------------------------------------------------------------+---------+


+-----------------------------------------------------+
; Analysis & Synthesis Resource Usage Summary         ;
+---------------------------------------------+-------+
; Resource                                    ; Usage ;
+---------------------------------------------+-------+
; Total logic elements                        ; 0     ;
;     -- Combinational with no register       ; 0     ;
;     -- Register only                        ; 0     ;
;     -- Combinational with a register        ; 0     ;
;                                             ;       ;
; Logic element usage by number of LUT inputs ;       ;
;     -- 4 input functions                    ; 0     ;
;     -- 3 input functions                    ; 0     ;
;     -- 2 input functions                    ; 0     ;
;     -- 1 input functions                    ; 0     ;
;     -- 0 input functions                    ; 0     ;
;                                             ;       ;
; Logic elements by mode                      ;       ;
;     -- normal mode                          ; 0     ;
;     -- arithmetic mode                      ; 0     ;
;     -- qfbk mode                            ; 0     ;
;     -- register cascade mode                ; 0     ;
;     -- synchronous clear/load mode          ; 0     ;
;     -- asynchronous clear/load mode         ; 0     ;
;                                             ;       ;
; Total registers                             ; 0     ;
; I/O pins                                    ; 3     ;
+---------------------------------------------+-------+


+------------------------------------------------------------------------------------------------------------------------------------------------------------------------------------------------------------------------------------+
; Analysis & Synthesis Resource Utilization by Entity                                                                                                                                                                                ;
+----------------------------+-------------+--------------+------------+------+--------------+--------------+-------------------+------------------+-----------------+------------+---------------------+-------------+--------------+
; Compilation Hierarchy Node ; Logic Cells ; LC Registers ; UFM Blocks ; Pins ; Virtual Pins ; LUT-Only LCs ; Register-Only LCs ; LUT/Register LCs ; Carry Chain LCs ; Packed LCs ; Full Hierarchy Name ; Entity Name ; Library Name ;
+----------------------------+-------------+--------------+------------+------+--------------+--------------+-------------------+------------------+-----------------+------------+---------------------+-------------+--------------+
; |Div_2                     ; 0 (0)       ; 0            ; 0          ; 3    ; 0            ; 0 (0)        ; 0 (0)             ; 0 (0)            ; 0 (0)           ; 0 (0)      ; |Div_2              ; Div_2       ; work         ;
+----------------------------+-------------+--------------+------------+------+--------------+--------------+-------------------+------------------+-----------------+------------+---------------------+-------------+--------------+
Note: For table entries with two numbers listed, the numbers in parentheses indicate the number of resources of the given type used by the specific entity alone. The numbers listed outside of parentheses indicate the total resources of the given type used by the specific entity and all of its sub-entities in the hierarchy.


+------------------------------------------------------+
; General Register Statistics                          ;
+----------------------------------------------+-------+
; Statistic                                    ; Value ;
+----------------------------------------------+-------+
; Total registers                              ; 0     ;
; Number of registers using Synchronous Clear  ; 0     ;
; Number of registers using Synchronous Load   ; 0     ;
; Number of registers using Asynchronous Clear ; 0     ;
; Number of registers using Asynchronous Load  ; 0     ;
; Number of registers using Clock Enable       ; 0     ;
; Number of registers using Preset             ; 0     ;
+----------------------------------------------+-------+


+----------------------------------------------------------------------------------------------------------------+
; Port Connectivity Checks: "D_FF1:DF_0"                                                                         ;
+------+--------+----------+-------------------------------------------------------------------------------------+
; Port ; Type   ; Severity ; Details                                                                             ;
+------+--------+----------+-------------------------------------------------------------------------------------+
; q    ; Output ; Info     ; Connected to dangling logic. Logic that only feeds a dangling port will be removed. ;
+------+--------+----------+-------------------------------------------------------------------------------------+


+-------------------------------+
; Analysis & Synthesis Messages ;
+-------------------------------+
Info: *******************************************************************
Info: Running Quartus Prime Analysis & Synthesis
    Info: Version 16.1.0 Build 196 10/24/2016 SJ Lite Edition
    Info: Processing started: Thu Mar 15 17:40:40 2018
Info: Command: quartus_map --read_settings_files=on --write_settings_files=off div_2 -c div_2
Warning (18236): Number of processors has not been specified which may cause overloading on shared machines.  Set the global assignment NUM_PARALLEL_PROCESSORS in your QSF to an appropriate value for best performance.
Info (20030): Parallel compilation is enabled and will use 2 of the 2 processors detected
Info (12021): Found 2 design units, including 1 entities, in source file /home/navnit1224/EEsem4/214/Debouncing _a_switch/D_FF1.vhd
    Info (12022): Found design unit 1: D_FF1-WhatDoYouCare File: /home/navnit1224/EEsem4/214/Debouncing _a_switch/D_FF1.vhd Line: 10
    Info (12023): Found entity 1: D_FF1 File: /home/navnit1224/EEsem4/214/Debouncing _a_switch/D_FF1.vhd Line: 6
Info (12021): Found 2 design units, including 1 entities, in source file /home/navnit1224/EEsem4/214/Debouncing _a_switch/D_FFn.vhd
    Info (12022): Found design unit 1: D_FFn-WhatDoYouCare File: /home/navnit1224/EEsem4/214/Debouncing _a_switch/D_FFn.vhd Line: 10
    Info (12023): Found entity 1: D_FFn File: /home/navnit1224/EEsem4/214/Debouncing _a_switch/D_FFn.vhd Line: 6
Info (12021): Found 2 design units, including 1 entities, in source file /home/navnit1224/EEsem4/214/Debouncing _a_switch/detect.vhd
    Info (12022): Found design unit 1: detect-detector File: /home/navnit1224/EEsem4/214/Debouncing _a_switch/detect.vhd Line: 15
    Info (12023): Found entity 1: detect File: /home/navnit1224/EEsem4/214/Debouncing _a_switch/detect.vhd Line: 11
Info (12021): Found 2 design units, including 1 entities, in source file /home/navnit1224/EEsem4/214/Debouncing _a_switch/debounding.vhd
    Info (12022): Found design unit 1: debounding-WhatDoYouCare File: /home/navnit1224/EEsem4/214/Debouncing _a_switch/debounding.vhd Line: 11
    Info (12023): Found entity 1: debounding File: /home/navnit1224/EEsem4/214/Debouncing _a_switch/debounding.vhd Line: 7
Info (12021): Found 2 design units, including 1 entities, in source file /home/navnit1224/EEsem4/214/Debouncing _a_switch/div_2.vhd
    Info (12022): Found design unit 1: Div_2-WhatDoYouCare File: /home/navnit1224/EEsem4/214/Debouncing _a_switch/div_2.vhd Line: 10
    Info (12023): Found entity 1: Div_2 File: /home/navnit1224/EEsem4/214/Debouncing _a_switch/div_2.vhd Line: 6
Info (12127): Elaborating entity "div_2" for the top level hierarchy
Warning (10541): VHDL Signal Declaration warning at div_2.vhd(14): used implicit default value for signal "b" because signal was never assigned a value or an explicit default value. Use of implicit default value may introduce unintended design optimizations. File: /home/navnit1224/EEsem4/214/Debouncing _a_switch/div_2.vhd Line: 14
Info (12128): Elaborating entity "D_FF1" for hierarchy "D_FF1:DF_0" File: /home/navnit1224/EEsem4/214/Debouncing _a_switch/div_2.vhd Line: 16
Warning (13024): Output pins are stuck at VCC or GND
    Warning (13410): Pin "Y" is stuck at GND File: /home/navnit1224/EEsem4/214/Debouncing _a_switch/div_2.vhd Line: 7
Warning (21074): Design contains 2 input pin(s) that do not drive logic
    Warning (15610): No output dependent on input pin "clk" File: /home/navnit1224/EEsem4/214/Debouncing _a_switch/div_2.vhd Line: 7
    Warning (15610): No output dependent on input pin "rst" File: /home/navnit1224/EEsem4/214/Debouncing _a_switch/div_2.vhd Line: 7
Info (21057): Implemented 3 device resources after synthesis - the final resource count might be different
    Info (21058): Implemented 2 input pins
    Info (21059): Implemented 1 output pins
Info: Quartus Prime Analysis & Synthesis was successful. 0 errors, 7 warnings
    Info: Peak virtual memory: 941 megabytes
    Info: Processing ended: Thu Mar 15 17:40:56 2018
    Info: Elapsed time: 00:00:16
    Info: Total CPU time (on all processors): 00:00:38


