TimeQuest Timing Analyzer report for gunman
Fri Mar  9 23:28:30 2018
Quartus Prime Version 16.1.0 Build 196 10/24/2016 SJ Lite Edition


---------------------
; Table of Contents ;
---------------------
  1. Legal Notice
  2. TimeQuest Timing Analyzer Summary
  3. Parallel Compilation
  4. Clocks
  5. Fmax Summary
  6. Setup Summary
  7. Hold Summary
  8. Recovery Summary
  9. Removal Summary
 10. Minimum Pulse Width Summary
 11. Setup: 'TCLK'
 12. Setup: 'TRST'
 13. Hold: 'TRST'
 14. Hold: 'TCLK'
 15. Recovery: 'TCLK'
 16. Removal: 'TCLK'
 17. Setup Transfers
 18. Hold Transfers
 19. Recovery Transfers
 20. Removal Transfers
 21. Report TCCS
 22. Report RSKM
 23. Unconstrained Paths Summary
 24. Clock Status Summary
 25. Unconstrained Input Ports
 26. Unconstrained Output Ports
 27. Unconstrained Input Ports
 28. Unconstrained Output Ports
 29. TimeQuest Timing Analyzer Messages



----------------
; Legal Notice ;
----------------
Copyright (C) 2016  Intel Corporation. All rights reserved.
Your use of Intel Corporation's design tools, logic functions 
and other software and tools, and its AMPP partner logic 
functions, and any output files from any of the foregoing 
(including device programming or simulation files), and any 
associated documentation or information are expressly subject 
to the terms and conditions of the Intel Program License 
Subscription Agreement, the Intel Quartus Prime License Agreement,
the Intel MegaCore Function License Agreement, or other 
applicable license agreement, including, without limitation, 
that your use is for the sole purpose of programming logic 
devices manufactured by Intel and sold by Intel or its 
authorized distributors.  Please refer to the applicable 
agreement for further details.



+-----------------------------------------------------------------------------+
; TimeQuest Timing Analyzer Summary                                           ;
+-----------------------+-----------------------------------------------------+
; Quartus Prime Version ; Version 16.1.0 Build 196 10/24/2016 SJ Lite Edition ;
; Timing Analyzer       ; TimeQuest                                           ;
; Revision Name         ; gunman                                              ;
; Device Family         ; MAX V                                               ;
; Device Name           ; 5M1270ZT144C5                                       ;
; Timing Models         ; Final                                               ;
; Delay Model           ; Slow Model                                          ;
; Rise/Fall Delays      ; Unavailable                                         ;
+-----------------------+-----------------------------------------------------+


+------------------------------------------+
; Parallel Compilation                     ;
+----------------------------+-------------+
; Processors                 ; Number      ;
+----------------------------+-------------+
; Number detected on machine ; 4           ;
; Maximum allowed            ; 2           ;
;                            ;             ;
; Average used               ; 1.00        ;
; Maximum used               ; 1           ;
;                            ;             ;
; Usage by Processor         ; % Time Used ;
;     Processor 1            ; 100.0%      ;
+----------------------------+-------------+


+----------------------------------------------------------------------------------------------------------------------------------------------------------------------------------+
; Clocks                                                                                                                                                                           ;
+------------+------+--------+------------+-------+-------+------------+-----------+-------------+-------+--------+-----------+------------+----------+--------+--------+----------+
; Clock Name ; Type ; Period ; Frequency  ; Rise  ; Fall  ; Duty Cycle ; Divide by ; Multiply by ; Phase ; Offset ; Edge List ; Edge Shift ; Inverted ; Master ; Source ; Targets  ;
+------------+------+--------+------------+-------+-------+------------+-----------+-------------+-------+--------+-----------+------------+----------+--------+--------+----------+
; TCLK       ; Base ; 1.000  ; 1000.0 MHz ; 0.000 ; 0.500 ;            ;           ;             ;       ;        ;           ;            ;          ;        ;        ; { TCLK } ;
; TRST       ; Base ; 1.000  ; 1000.0 MHz ; 0.000 ; 0.500 ;            ;           ;             ;       ;        ;           ;            ;          ;        ;        ; { TRST } ;
+------------+------+--------+------------+-------+-------+------------+-----------+-------------+-------+--------+-----------+------------+----------+--------+--------+----------+


+--------------------------------------------------+
; Fmax Summary                                     ;
+------------+-----------------+------------+------+
; Fmax       ; Restricted Fmax ; Clock Name ; Note ;
+------------+-----------------+------------+------+
; 96.75 MHz  ; 96.75 MHz       ; TCLK       ;      ;
; 124.05 MHz ; 124.05 MHz      ; TRST       ;      ;
+------------+-----------------+------------+------+
This panel reports FMAX for every clock in the design, regardless of the user-specified clock periods.  FMAX is only computed for paths where the source and destination registers or ports are driven by the same clock.  Paths of different clocks, including generated clocks, are ignored.  For paths between a clock and its inversion, FMAX is computed as if the rising and falling edges are scaled along with FMAX, such that the duty cycle (in terms of a percentage) is maintained. Altera recommends that you always use clock constraints and other slack reports for sign-off analysis.


+--------------------------------+
; Setup Summary                  ;
+-------+--------+---------------+
; Clock ; Slack  ; End Point TNS ;
+-------+--------+---------------+
; TCLK  ; -9.336 ; -98.350       ;
; TRST  ; -7.298 ; -70.462       ;
+-------+--------+---------------+


+-------------------------------+
; Hold Summary                  ;
+-------+-------+---------------+
; Clock ; Slack ; End Point TNS ;
+-------+-------+---------------+
; TRST  ; 0.608 ; 0.000         ;
; TCLK  ; 0.815 ; 0.000         ;
+-------+-------+---------------+


+--------------------------------+
; Recovery Summary               ;
+-------+--------+---------------+
; Clock ; Slack  ; End Point TNS ;
+-------+--------+---------------+
; TCLK  ; -1.663 ; -8.315        ;
+-------+--------+---------------+


+-------------------------------+
; Removal Summary               ;
+-------+-------+---------------+
; Clock ; Slack ; End Point TNS ;
+-------+-------+---------------+
; TCLK  ; 1.609 ; 0.000         ;
+-------+-------+---------------+


+--------------------------------+
; Minimum Pulse Width Summary    ;
+-------+--------+---------------+
; Clock ; Slack  ; End Point TNS ;
+-------+--------+---------------+
; TCLK  ; -2.289 ; -2.289        ;
; TRST  ; -2.289 ; -2.289        ;
+-------+--------+---------------+


+------------------------------------------------------------------------------------------------------------------------------------------------------------------------------------+
; Setup: 'TCLK'                                                                                                                                                                      ;
+--------+--------------------------------------------------+--------------------------------------------------+--------------+-------------+--------------+------------+------------+
; Slack  ; From Node                                        ; To Node                                          ; Launch Clock ; Latch Clock ; Relationship ; Clock Skew ; Data Delay ;
+--------+--------------------------------------------------+--------------------------------------------------+--------------+-------------+--------------+------------+------------+
; -9.336 ; Scan_Chain:scan_instance|Scan_Reg:In_Reg|L2[1]   ; Scan_Chain:scan_instance|Scan_Reg:Out_Reg|L1[0]  ; TCLK         ; TCLK        ; 1.000        ; 0.000      ; 10.003     ;
; -9.330 ; Scan_Chain:scan_instance|Scan_Reg:In_Reg|L2[2]   ; Scan_Chain:scan_instance|Scan_Reg:Out_Reg|L1[0]  ; TCLK         ; TCLK        ; 1.000        ; 0.000      ; 9.997      ;
; -9.142 ; Scan_Chain:scan_instance|Scan_Reg:In_Reg|L2[0]   ; Scan_Chain:scan_instance|Scan_Reg:Out_Reg|L1[0]  ; TCLK         ; TCLK        ; 1.000        ; 0.000      ; 9.809      ;
; -8.956 ; Scan_Chain:scan_instance|Scan_Reg:In_Reg|L2[4]   ; Scan_Chain:scan_instance|Scan_Reg:Out_Reg|L1[0]  ; TCLK         ; TCLK        ; 1.000        ; 0.000      ; 9.623      ;
; -8.814 ; Scan_Chain:scan_instance|Scan_Reg:In_Reg|L2[3]   ; Scan_Chain:scan_instance|Scan_Reg:Out_Reg|L1[0]  ; TCLK         ; TCLK        ; 1.000        ; 0.000      ; 9.481      ;
; -8.207 ; DUT:dut1|stringrec:dut|terrorist:d|D_FF:D2|Q     ; Scan_Chain:scan_instance|Scan_Reg:Out_Reg|L1[0]  ; TRST         ; TCLK        ; 1.000        ; -2.290     ; 6.584      ;
; -8.138 ; DUT:dut1|stringrec:dut|gunman:a|D_FF:D1|Q        ; Scan_Chain:scan_instance|Scan_Reg:Out_Reg|L1[0]  ; TRST         ; TCLK        ; 1.000        ; -2.290     ; 6.515      ;
; -8.005 ; DUT:dut1|stringrec:dut|bomber:b|D_FF:D0|Q        ; Scan_Chain:scan_instance|Scan_Reg:Out_Reg|L1[0]  ; TRST         ; TCLK        ; 1.000        ; -2.290     ; 6.382      ;
; -7.941 ; DUT:dut1|stringrec:dut|terrorist:d|D_FF:D1|Q     ; Scan_Chain:scan_instance|Scan_Reg:Out_Reg|L1[0]  ; TRST         ; TCLK        ; 1.000        ; -2.290     ; 6.318      ;
; -7.798 ; DUT:dut1|stringrec:dut|gunman:a|D_FF:D0|Q        ; Scan_Chain:scan_instance|Scan_Reg:Out_Reg|L1[0]  ; TRST         ; TCLK        ; 1.000        ; -2.290     ; 6.175      ;
; -7.483 ; DUT:dut1|stringrec:dut|terrorist:d|D_FF:D0|Q     ; Scan_Chain:scan_instance|Scan_Reg:Out_Reg|L1[0]  ; TRST         ; TCLK        ; 1.000        ; -2.290     ; 5.860      ;
; -7.400 ; DUT:dut1|stringrec:dut|knife:c|D_FF:D1|Q         ; Scan_Chain:scan_instance|Scan_Reg:Out_Reg|L1[0]  ; TRST         ; TCLK        ; 1.000        ; -2.290     ; 5.777      ;
; -7.339 ; Scan_Chain:scan_instance|Scan_Reg:In_Reg|L1[0]   ; Scan_Chain:scan_instance|Scan_Reg:Out_Reg|L1[0]  ; TCLK         ; TCLK        ; 1.000        ; 0.000      ; 8.006      ;
; -7.220 ; DUT:dut1|stringrec:dut|knife:c|D_FF:D0|Q         ; Scan_Chain:scan_instance|Scan_Reg:Out_Reg|L1[0]  ; TRST         ; TCLK        ; 1.000        ; -2.290     ; 5.597      ;
; -7.006 ; Scan_Chain:scan_instance|current_state.s_shift   ; Scan_Chain:scan_instance|Scan_Reg:Out_Reg|L1[0]  ; TCLK         ; TCLK        ; 1.000        ; 0.000      ; 7.673      ;
; -6.873 ; DUT:dut1|stringrec:dut|bomber:b|D_FF:D1|Q        ; Scan_Chain:scan_instance|Scan_Reg:Out_Reg|L1[0]  ; TRST         ; TCLK        ; 1.000        ; -2.290     ; 5.250      ;
; -6.857 ; DUT:dut1|stringrec:dut|knife:c|D_FF:D2|Q         ; Scan_Chain:scan_instance|Scan_Reg:Out_Reg|L1[0]  ; TRST         ; TCLK        ; 1.000        ; -2.290     ; 5.234      ;
; -6.711 ; Scan_Chain:scan_instance|Scan_Reg:In_Reg|L2[6]   ; Scan_Chain:scan_instance|Scan_Reg:Out_Reg|L1[0]  ; TCLK         ; TCLK        ; 1.000        ; 0.000      ; 7.378      ;
; -6.655 ; Scan_Chain:scan_instance|current_state.s_capture ; Scan_Chain:scan_instance|Scan_Reg:Out_Reg|L1[0]  ; TCLK         ; TCLK        ; 1.000        ; 0.000      ; 7.322      ;
; -5.958 ; Scan_Chain:scan_instance|current_state.s_shift   ; Scan_Chain:scan_instance|Scan_Reg:In_Reg|L2[5]   ; TCLK         ; TCLK        ; 1.000        ; 0.000      ; 6.625      ;
; -5.832 ; Scan_Chain:scan_instance|current_state.s_shift   ; Scan_Chain:scan_instance|Scan_Reg:In_Reg|L2[6]   ; TCLK         ; TCLK        ; 1.000        ; 0.000      ; 6.499      ;
; -5.737 ; Scan_Chain:scan_instance|current_state.s_shift   ; Scan_Chain:scan_instance|Scan_Reg:In_Reg|L2[2]   ; TCLK         ; TCLK        ; 1.000        ; 0.000      ; 6.404      ;
; -5.737 ; Scan_Chain:scan_instance|current_state.s_shift   ; Scan_Chain:scan_instance|Scan_Reg:In_Reg|L2[0]   ; TCLK         ; TCLK        ; 1.000        ; 0.000      ; 6.404      ;
; -5.737 ; Scan_Chain:scan_instance|current_state.s_shift   ; Scan_Chain:scan_instance|Scan_Reg:In_Reg|L2[4]   ; TCLK         ; TCLK        ; 1.000        ; 0.000      ; 6.404      ;
; -5.737 ; Scan_Chain:scan_instance|current_state.s_shift   ; Scan_Chain:scan_instance|Scan_Reg:In_Reg|L2[3]   ; TCLK         ; TCLK        ; 1.000        ; 0.000      ; 6.404      ;
; -5.696 ; Scan_Chain:scan_instance|current_state.s_shift   ; Scan_Chain:scan_instance|Scan_Reg:In_Reg|L2[1]   ; TCLK         ; TCLK        ; 1.000        ; 0.000      ; 6.363      ;
; -5.613 ; Scan_Chain:scan_instance|current_state.s_shift   ; Scan_Chain:scan_instance|Scan_Reg:In_Reg|L1[3]   ; TCLK         ; TCLK        ; 1.000        ; 0.000      ; 6.280      ;
; -5.613 ; Scan_Chain:scan_instance|current_state.s_shift   ; Scan_Chain:scan_instance|Scan_Reg:In_Reg|L1[2]   ; TCLK         ; TCLK        ; 1.000        ; 0.000      ; 6.280      ;
; -5.611 ; Scan_Chain:scan_instance|current_state.s_shift   ; Scan_Chain:scan_instance|Scan_Reg:In_Reg|L1[5]   ; TCLK         ; TCLK        ; 1.000        ; 0.000      ; 6.278      ;
; -5.607 ; Scan_Chain:scan_instance|current_state.s_shift   ; Scan_Chain:scan_instance|Scan_Reg:In_Reg|L1[0]   ; TCLK         ; TCLK        ; 1.000        ; 0.000      ; 6.274      ;
; -5.607 ; Scan_Chain:scan_instance|current_state.s_shift   ; Scan_Chain:scan_instance|Scan_Reg:In_Reg|L1[6]   ; TCLK         ; TCLK        ; 1.000        ; 0.000      ; 6.274      ;
; -5.606 ; Scan_Chain:scan_instance|current_state.s_shift   ; Scan_Chain:scan_instance|Scan_Reg:In_Reg|L1[1]   ; TCLK         ; TCLK        ; 1.000        ; 0.000      ; 6.273      ;
; -5.606 ; Scan_Chain:scan_instance|current_state.s_capture ; Scan_Chain:scan_instance|Scan_Reg:In_Reg|L2[5]   ; TCLK         ; TCLK        ; 1.000        ; 0.000      ; 6.273      ;
; -5.480 ; Scan_Chain:scan_instance|current_state.s_capture ; Scan_Chain:scan_instance|Scan_Reg:In_Reg|L2[6]   ; TCLK         ; TCLK        ; 1.000        ; 0.000      ; 6.147      ;
; -5.442 ; Scan_Chain:scan_instance|current_state.s_shift   ; Scan_Chain:scan_instance|Scan_Reg:In_Reg|L1[4]   ; TCLK         ; TCLK        ; 1.000        ; 0.000      ; 6.109      ;
; -5.385 ; Scan_Chain:scan_instance|current_state.s_capture ; Scan_Chain:scan_instance|Scan_Reg:In_Reg|L2[2]   ; TCLK         ; TCLK        ; 1.000        ; 0.000      ; 6.052      ;
; -5.385 ; Scan_Chain:scan_instance|current_state.s_capture ; Scan_Chain:scan_instance|Scan_Reg:In_Reg|L2[0]   ; TCLK         ; TCLK        ; 1.000        ; 0.000      ; 6.052      ;
; -5.385 ; Scan_Chain:scan_instance|current_state.s_capture ; Scan_Chain:scan_instance|Scan_Reg:In_Reg|L2[4]   ; TCLK         ; TCLK        ; 1.000        ; 0.000      ; 6.052      ;
; -5.385 ; Scan_Chain:scan_instance|current_state.s_capture ; Scan_Chain:scan_instance|Scan_Reg:In_Reg|L2[3]   ; TCLK         ; TCLK        ; 1.000        ; 0.000      ; 6.052      ;
; -5.344 ; Scan_Chain:scan_instance|current_state.s_capture ; Scan_Chain:scan_instance|Scan_Reg:In_Reg|L2[1]   ; TCLK         ; TCLK        ; 1.000        ; 0.000      ; 6.011      ;
; -5.336 ; Scan_Chain:scan_instance|current_state.s_update  ; Scan_Chain:scan_instance|Scan_Reg:In_Reg|L1[4]   ; TCLK         ; TCLK        ; 1.000        ; 0.000      ; 6.003      ;
; -5.336 ; Scan_Chain:scan_instance|current_state.s_update  ; Scan_Chain:scan_instance|Scan_Reg:In_Reg|L1[3]   ; TCLK         ; TCLK        ; 1.000        ; 0.000      ; 6.003      ;
; -5.336 ; Scan_Chain:scan_instance|current_state.s_update  ; Scan_Chain:scan_instance|Scan_Reg:In_Reg|L1[2]   ; TCLK         ; TCLK        ; 1.000        ; 0.000      ; 6.003      ;
; -5.336 ; Scan_Chain:scan_instance|current_state.s_update  ; Scan_Chain:scan_instance|Scan_Reg:In_Reg|L1[1]   ; TCLK         ; TCLK        ; 1.000        ; 0.000      ; 6.003      ;
; -5.336 ; Scan_Chain:scan_instance|current_state.s_update  ; Scan_Chain:scan_instance|Scan_Reg:In_Reg|L1[0]   ; TCLK         ; TCLK        ; 1.000        ; 0.000      ; 6.003      ;
; -5.336 ; Scan_Chain:scan_instance|current_state.s_update  ; Scan_Chain:scan_instance|Scan_Reg:In_Reg|L1[6]   ; TCLK         ; TCLK        ; 1.000        ; 0.000      ; 6.003      ;
; -5.336 ; Scan_Chain:scan_instance|current_state.s_update  ; Scan_Chain:scan_instance|Scan_Reg:In_Reg|L1[5]   ; TCLK         ; TCLK        ; 1.000        ; 0.000      ; 6.003      ;
; -5.262 ; Scan_Chain:scan_instance|current_state.s_capture ; Scan_Chain:scan_instance|Scan_Reg:In_Reg|L1[3]   ; TCLK         ; TCLK        ; 1.000        ; 0.000      ; 5.929      ;
; -5.262 ; Scan_Chain:scan_instance|current_state.s_capture ; Scan_Chain:scan_instance|Scan_Reg:In_Reg|L1[2]   ; TCLK         ; TCLK        ; 1.000        ; 0.000      ; 5.929      ;
; -5.260 ; Scan_Chain:scan_instance|current_state.s_capture ; Scan_Chain:scan_instance|Scan_Reg:In_Reg|L1[5]   ; TCLK         ; TCLK        ; 1.000        ; 0.000      ; 5.927      ;
; -5.256 ; Scan_Chain:scan_instance|current_state.s_capture ; Scan_Chain:scan_instance|Scan_Reg:In_Reg|L1[0]   ; TCLK         ; TCLK        ; 1.000        ; 0.000      ; 5.923      ;
; -5.256 ; Scan_Chain:scan_instance|current_state.s_capture ; Scan_Chain:scan_instance|Scan_Reg:In_Reg|L1[6]   ; TCLK         ; TCLK        ; 1.000        ; 0.000      ; 5.923      ;
; -5.255 ; Scan_Chain:scan_instance|current_state.s_capture ; Scan_Chain:scan_instance|Scan_Reg:In_Reg|L1[1]   ; TCLK         ; TCLK        ; 1.000        ; 0.000      ; 5.922      ;
; -5.091 ; Scan_Chain:scan_instance|current_state.s_capture ; Scan_Chain:scan_instance|Scan_Reg:In_Reg|L1[4]   ; TCLK         ; TCLK        ; 1.000        ; 0.000      ; 5.758      ;
; -4.769 ; Scan_Chain:scan_instance|current_state.s_idle    ; Scan_Chain:scan_instance|Scan_Reg:In_Reg|L1[4]   ; TCLK         ; TCLK        ; 1.000        ; 0.000      ; 5.436      ;
; -4.769 ; Scan_Chain:scan_instance|current_state.s_idle    ; Scan_Chain:scan_instance|Scan_Reg:In_Reg|L1[3]   ; TCLK         ; TCLK        ; 1.000        ; 0.000      ; 5.436      ;
; -4.769 ; Scan_Chain:scan_instance|current_state.s_idle    ; Scan_Chain:scan_instance|Scan_Reg:In_Reg|L1[2]   ; TCLK         ; TCLK        ; 1.000        ; 0.000      ; 5.436      ;
; -4.769 ; Scan_Chain:scan_instance|current_state.s_idle    ; Scan_Chain:scan_instance|Scan_Reg:In_Reg|L1[1]   ; TCLK         ; TCLK        ; 1.000        ; 0.000      ; 5.436      ;
; -4.769 ; Scan_Chain:scan_instance|current_state.s_idle    ; Scan_Chain:scan_instance|Scan_Reg:In_Reg|L1[0]   ; TCLK         ; TCLK        ; 1.000        ; 0.000      ; 5.436      ;
; -4.769 ; Scan_Chain:scan_instance|current_state.s_idle    ; Scan_Chain:scan_instance|Scan_Reg:In_Reg|L1[6]   ; TCLK         ; TCLK        ; 1.000        ; 0.000      ; 5.436      ;
; -4.769 ; Scan_Chain:scan_instance|current_state.s_idle    ; Scan_Chain:scan_instance|Scan_Reg:In_Reg|L1[5]   ; TCLK         ; TCLK        ; 1.000        ; 0.000      ; 5.436      ;
; -4.576 ; Scan_Chain:scan_instance|current_state.s_idle    ; Scan_Chain:scan_instance|Scan_Reg:Out_Reg|L1[0]  ; TCLK         ; TCLK        ; 1.000        ; 0.000      ; 5.243      ;
; -4.338 ; Scan_Chain:scan_instance|current_state.s_update  ; Scan_Chain:scan_instance|Scan_Reg:Out_Reg|L1[0]  ; TCLK         ; TCLK        ; 1.000        ; 0.000      ; 5.005      ;
; -3.650 ; TRST                                             ; Scan_Chain:scan_instance|Scan_Reg:Out_Reg|L1[0]  ; TRST         ; TCLK        ; 0.500        ; 7.580      ; 11.397     ;
; -3.552 ; Scan_Chain:scan_instance|Scan_Reg:In_Reg|L1[5]   ; Scan_Chain:scan_instance|Scan_Reg:In_Reg|L2[5]   ; TCLK         ; TCLK        ; 1.000        ; 0.000      ; 4.219      ;
; -3.535 ; Scan_Chain:scan_instance|Scan_Reg:In_Reg|L1[2]   ; Scan_Chain:scan_instance|Scan_Reg:In_Reg|L2[2]   ; TCLK         ; TCLK        ; 1.000        ; 0.000      ; 4.202      ;
; -3.411 ; Scan_Chain:scan_instance|Scan_Reg:In_Reg|L1[0]   ; Scan_Chain:scan_instance|Scan_Reg:In_Reg|L2[0]   ; TCLK         ; TCLK        ; 1.000        ; 0.000      ; 4.078      ;
; -3.206 ; Scan_Chain:scan_instance|Scan_Reg:In_Reg|L1[1]   ; Scan_Chain:scan_instance|Scan_Reg:In_Reg|L2[1]   ; TCLK         ; TCLK        ; 1.000        ; 0.000      ; 3.873      ;
; -3.150 ; TRST                                             ; Scan_Chain:scan_instance|Scan_Reg:Out_Reg|L1[0]  ; TRST         ; TCLK        ; 1.000        ; 7.580      ; 11.397     ;
; -3.102 ; Scan_Chain:scan_instance|Scan_Reg:In_Reg|L1[3]   ; Scan_Chain:scan_instance|Scan_Reg:In_Reg|L2[3]   ; TCLK         ; TCLK        ; 1.000        ; 0.000      ; 3.769      ;
; -2.738 ; Scan_Chain:scan_instance|Scan_Reg:In_Reg|L1[4]   ; Scan_Chain:scan_instance|Scan_Reg:In_Reg|L2[4]   ; TCLK         ; TCLK        ; 1.000        ; 0.000      ; 3.405      ;
; -2.495 ; Scan_Chain:scan_instance|current_state.s_idle    ; Scan_Chain:scan_instance|current_state.s_DR      ; TCLK         ; TCLK        ; 1.000        ; 0.000      ; 3.162      ;
; -2.327 ; Scan_Chain:scan_instance|current_state.s_update  ; Scan_Chain:scan_instance|current_state.s_idle    ; TCLK         ; TCLK        ; 1.000        ; 0.000      ; 2.994      ;
; -2.244 ; Scan_Chain:scan_instance|Scan_Reg:In_Reg|L1[6]   ; Scan_Chain:scan_instance|Scan_Reg:In_Reg|L2[6]   ; TCLK         ; TCLK        ; 1.000        ; 0.000      ; 2.911      ;
; -1.780 ; TRST                                             ; Scan_Chain:scan_instance|Scan_Reg:In_Reg|L2[5]   ; TRST         ; TCLK        ; 0.500        ; 7.580      ; 9.527      ;
; -1.776 ; Scan_Chain:scan_instance|Scan_Reg:Out_Reg|L1[0]  ; Scan_Chain:scan_instance|Scan_Reg:Out_Reg|L1[0]  ; TCLK         ; TCLK        ; 1.000        ; 0.000      ; 2.443      ;
; -1.725 ; Scan_Chain:scan_instance|current_state.s_shift   ; Scan_Chain:scan_instance|current_state.s_update  ; TCLK         ; TCLK        ; 1.000        ; 0.000      ; 2.392      ;
; -1.718 ; Scan_Chain:scan_instance|current_state.s_shift   ; Scan_Chain:scan_instance|current_state.s_shift   ; TCLK         ; TCLK        ; 1.000        ; 0.000      ; 2.385      ;
; -1.689 ; Scan_Chain:scan_instance|current_state.s_idle    ; Scan_Chain:scan_instance|current_state.s_idle    ; TCLK         ; TCLK        ; 1.000        ; 0.000      ; 2.356      ;
; -1.680 ; TRST                                             ; Scan_Chain:scan_instance|Scan_Reg:In_Reg|L1[3]   ; TRST         ; TCLK        ; 0.500        ; 7.580      ; 9.427      ;
; -1.680 ; TRST                                             ; Scan_Chain:scan_instance|Scan_Reg:In_Reg|L1[2]   ; TRST         ; TCLK        ; 0.500        ; 7.580      ; 9.427      ;
; -1.678 ; TRST                                             ; Scan_Chain:scan_instance|Scan_Reg:In_Reg|L1[5]   ; TRST         ; TCLK        ; 0.500        ; 7.580      ; 9.425      ;
; -1.674 ; TRST                                             ; Scan_Chain:scan_instance|Scan_Reg:In_Reg|L1[0]   ; TRST         ; TCLK        ; 0.500        ; 7.580      ; 9.421      ;
; -1.674 ; TRST                                             ; Scan_Chain:scan_instance|Scan_Reg:In_Reg|L1[6]   ; TRST         ; TCLK        ; 0.500        ; 7.580      ; 9.421      ;
; -1.673 ; TRST                                             ; Scan_Chain:scan_instance|Scan_Reg:In_Reg|L1[1]   ; TRST         ; TCLK        ; 0.500        ; 7.580      ; 9.420      ;
; -1.663 ; TRST                                             ; Scan_Chain:scan_instance|Scan_Reg:In_Reg|L2[1]   ; TRST         ; TCLK        ; 0.500        ; 7.580      ; 9.410      ;
; -1.654 ; TRST                                             ; Scan_Chain:scan_instance|Scan_Reg:In_Reg|L2[6]   ; TRST         ; TCLK        ; 0.500        ; 7.580      ; 9.401      ;
; -1.560 ; TRST                                             ; Scan_Chain:scan_instance|Scan_Reg:In_Reg|L2[2]   ; TRST         ; TCLK        ; 0.500        ; 7.580      ; 9.307      ;
; -1.559 ; TRST                                             ; Scan_Chain:scan_instance|Scan_Reg:In_Reg|L2[0]   ; TRST         ; TCLK        ; 0.500        ; 7.580      ; 9.306      ;
; -1.559 ; TRST                                             ; Scan_Chain:scan_instance|Scan_Reg:In_Reg|L2[4]   ; TRST         ; TCLK        ; 0.500        ; 7.580      ; 9.306      ;
; -1.559 ; TRST                                             ; Scan_Chain:scan_instance|Scan_Reg:In_Reg|L2[3]   ; TRST         ; TCLK        ; 0.500        ; 7.580      ; 9.306      ;
; -1.509 ; TRST                                             ; Scan_Chain:scan_instance|Scan_Reg:In_Reg|L1[4]   ; TRST         ; TCLK        ; 0.500        ; 7.580      ; 9.256      ;
; -1.479 ; Scan_Chain:scan_instance|Scan_Reg:In_Reg|L1[4]   ; Scan_Chain:scan_instance|Scan_Reg:In_Reg|L1[3]   ; TCLK         ; TCLK        ; 1.000        ; 0.000      ; 2.146      ;
; -1.478 ; Scan_Chain:scan_instance|Scan_Reg:In_Reg|L1[6]   ; Scan_Chain:scan_instance|Scan_Reg:In_Reg|L1[5]   ; TCLK         ; TCLK        ; 1.000        ; 0.000      ; 2.145      ;
; -1.476 ; Scan_Chain:scan_instance|Scan_Reg:In_Reg|L1[5]   ; Scan_Chain:scan_instance|Scan_Reg:In_Reg|L1[4]   ; TCLK         ; TCLK        ; 1.000        ; 0.000      ; 2.143      ;
; -1.465 ; Scan_Chain:scan_instance|Scan_Reg:In_Reg|L1[1]   ; Scan_Chain:scan_instance|Scan_Reg:In_Reg|L1[0]   ; TCLK         ; TCLK        ; 1.000        ; 0.000      ; 2.132      ;
; -1.280 ; TRST                                             ; Scan_Chain:scan_instance|Scan_Reg:In_Reg|L2[5]   ; TRST         ; TCLK        ; 1.000        ; 7.580      ; 9.527      ;
; -1.255 ; Scan_Chain:scan_instance|current_state.s_capture ; Scan_Chain:scan_instance|current_state.s_shift   ; TCLK         ; TCLK        ; 1.000        ; 0.000      ; 1.922      ;
; -1.255 ; Scan_Chain:scan_instance|current_state.s_capture ; Scan_Chain:scan_instance|current_state.s_update  ; TCLK         ; TCLK        ; 1.000        ; 0.000      ; 1.922      ;
; -1.216 ; Scan_Chain:scan_instance|current_state.s_DR      ; Scan_Chain:scan_instance|current_state.s_capture ; TCLK         ; TCLK        ; 1.000        ; 0.000      ; 1.883      ;
+--------+--------------------------------------------------+--------------------------------------------------+--------------+-------------+--------------+------------+------------+


+------------------------------------------------------------------------------------------------------------------------------------------------------------------------------+
; Setup: 'TRST'                                                                                                                                                                ;
+--------+------------------------------------------------+----------------------------------------------+--------------+-------------+--------------+------------+------------+
; Slack  ; From Node                                      ; To Node                                      ; Launch Clock ; Latch Clock ; Relationship ; Clock Skew ; Data Delay ;
+--------+------------------------------------------------+----------------------------------------------+--------------+-------------+--------------+------------+------------+
; -7.298 ; Scan_Chain:scan_instance|Scan_Reg:In_Reg|L2[3] ; DUT:dut1|stringrec:dut|terrorist:d|D_FF:D0|Q ; TCLK         ; TRST        ; 1.000        ; 2.290      ; 10.255     ;
; -7.265 ; Scan_Chain:scan_instance|Scan_Reg:In_Reg|L2[3] ; DUT:dut1|stringrec:dut|gunman:a|D_FF:D1|Q    ; TCLK         ; TRST        ; 1.000        ; 2.290      ; 10.222     ;
; -7.239 ; Scan_Chain:scan_instance|Scan_Reg:In_Reg|L2[3] ; DUT:dut1|stringrec:dut|gunman:a|D_FF:D0|Q    ; TCLK         ; TRST        ; 1.000        ; 2.290      ; 10.196     ;
; -7.151 ; Scan_Chain:scan_instance|Scan_Reg:In_Reg|L2[4] ; DUT:dut1|stringrec:dut|gunman:a|D_FF:D1|Q    ; TCLK         ; TRST        ; 1.000        ; 2.290      ; 10.108     ;
; -7.145 ; Scan_Chain:scan_instance|Scan_Reg:In_Reg|L2[6] ; DUT:dut1|stringrec:dut|knife:c|D_FF:D0|Q     ; TCLK         ; TRST        ; 1.000        ; 2.290      ; 10.102     ;
; -7.138 ; Scan_Chain:scan_instance|Scan_Reg:In_Reg|L2[2] ; DUT:dut1|stringrec:dut|terrorist:d|D_FF:D0|Q ; TCLK         ; TRST        ; 1.000        ; 2.290      ; 10.095     ;
; -7.135 ; Scan_Chain:scan_instance|Scan_Reg:In_Reg|L2[1] ; DUT:dut1|stringrec:dut|terrorist:d|D_FF:D0|Q ; TCLK         ; TRST        ; 1.000        ; 2.290      ; 10.092     ;
; -7.131 ; Scan_Chain:scan_instance|Scan_Reg:In_Reg|L2[4] ; DUT:dut1|stringrec:dut|bomber:b|D_FF:D0|Q    ; TCLK         ; TRST        ; 1.000        ; 2.290      ; 10.088     ;
; -7.063 ; Scan_Chain:scan_instance|Scan_Reg:In_Reg|L2[1] ; DUT:dut1|stringrec:dut|terrorist:d|D_FF:D1|Q ; TCLK         ; TRST        ; 1.000        ; 2.290      ; 10.020     ;
; -7.062 ; Scan_Chain:scan_instance|Scan_Reg:In_Reg|L2[4] ; DUT:dut1|stringrec:dut|bomber:b|D_FF:D1|Q    ; TCLK         ; TRST        ; 1.000        ; 2.290      ; 10.019     ;
; -7.061 ; DUT:dut1|stringrec:dut|terrorist:d|D_FF:D2|Q   ; DUT:dut1|stringrec:dut|terrorist:d|D_FF:D2|Q ; TRST         ; TRST        ; 1.000        ; 0.000      ; 7.728      ;
; -7.057 ; Scan_Chain:scan_instance|Scan_Reg:In_Reg|L2[2] ; DUT:dut1|stringrec:dut|terrorist:d|D_FF:D1|Q ; TCLK         ; TRST        ; 1.000        ; 2.290      ; 10.014     ;
; -7.042 ; Scan_Chain:scan_instance|Scan_Reg:In_Reg|L2[4] ; DUT:dut1|stringrec:dut|terrorist:d|D_FF:D0|Q ; TCLK         ; TRST        ; 1.000        ; 2.290      ; 9.999      ;
; -7.021 ; Scan_Chain:scan_instance|Scan_Reg:In_Reg|L2[0] ; DUT:dut1|stringrec:dut|terrorist:d|D_FF:D0|Q ; TCLK         ; TRST        ; 1.000        ; 2.290      ; 9.978      ;
; -6.989 ; Scan_Chain:scan_instance|Scan_Reg:In_Reg|L2[3] ; DUT:dut1|stringrec:dut|bomber:b|D_FF:D0|Q    ; TCLK         ; TRST        ; 1.000        ; 2.290      ; 9.946      ;
; -6.920 ; Scan_Chain:scan_instance|Scan_Reg:In_Reg|L2[3] ; DUT:dut1|stringrec:dut|bomber:b|D_FF:D1|Q    ; TCLK         ; TRST        ; 1.000        ; 2.290      ; 9.877      ;
; -6.914 ; Scan_Chain:scan_instance|Scan_Reg:In_Reg|L2[6] ; DUT:dut1|stringrec:dut|knife:c|D_FF:D1|Q     ; TCLK         ; TRST        ; 1.000        ; 2.290      ; 9.871      ;
; -6.880 ; Scan_Chain:scan_instance|Scan_Reg:In_Reg|L2[6] ; DUT:dut1|stringrec:dut|terrorist:d|D_FF:D0|Q ; TCLK         ; TRST        ; 1.000        ; 2.290      ; 9.837      ;
; -6.869 ; Scan_Chain:scan_instance|Scan_Reg:In_Reg|L2[0] ; DUT:dut1|stringrec:dut|terrorist:d|D_FF:D1|Q ; TCLK         ; TRST        ; 1.000        ; 2.290      ; 9.826      ;
; -6.862 ; DUT:dut1|stringrec:dut|knife:c|D_FF:D2|Q       ; DUT:dut1|stringrec:dut|knife:c|D_FF:D0|Q     ; TRST         ; TRST        ; 1.000        ; 0.000      ; 7.529      ;
; -6.845 ; Scan_Chain:scan_instance|Scan_Reg:In_Reg|L2[1] ; DUT:dut1|stringrec:dut|terrorist:d|D_FF:D2|Q ; TCLK         ; TRST        ; 1.000        ; 2.290      ; 9.802      ;
; -6.839 ; Scan_Chain:scan_instance|Scan_Reg:In_Reg|L2[2] ; DUT:dut1|stringrec:dut|terrorist:d|D_FF:D2|Q ; TCLK         ; TRST        ; 1.000        ; 2.290      ; 9.796      ;
; -6.836 ; Scan_Chain:scan_instance|Scan_Reg:In_Reg|L2[4] ; DUT:dut1|stringrec:dut|gunman:a|D_FF:D0|Q    ; TCLK         ; TRST        ; 1.000        ; 2.290      ; 9.793      ;
; -6.820 ; DUT:dut1|stringrec:dut|terrorist:d|D_FF:D2|Q   ; DUT:dut1|stringrec:dut|terrorist:d|D_FF:D0|Q ; TRST         ; TRST        ; 1.000        ; 0.000      ; 7.487      ;
; -6.795 ; DUT:dut1|stringrec:dut|terrorist:d|D_FF:D1|Q   ; DUT:dut1|stringrec:dut|terrorist:d|D_FF:D2|Q ; TRST         ; TRST        ; 1.000        ; 0.000      ; 7.462      ;
; -6.783 ; DUT:dut1|stringrec:dut|terrorist:d|D_FF:D1|Q   ; DUT:dut1|stringrec:dut|terrorist:d|D_FF:D0|Q ; TRST         ; TRST        ; 1.000        ; 0.000      ; 7.450      ;
; -6.773 ; Scan_Chain:scan_instance|Scan_Reg:In_Reg|L2[4] ; DUT:dut1|stringrec:dut|knife:c|D_FF:D0|Q     ; TCLK         ; TRST        ; 1.000        ; 2.290      ; 9.730      ;
; -6.738 ; Scan_Chain:scan_instance|Scan_Reg:In_Reg|L2[1] ; DUT:dut1|stringrec:dut|knife:c|D_FF:D0|Q     ; TCLK         ; TRST        ; 1.000        ; 2.290      ; 9.695      ;
; -6.737 ; Scan_Chain:scan_instance|Scan_Reg:In_Reg|L2[4] ; DUT:dut1|stringrec:dut|knife:c|D_FF:D1|Q     ; TCLK         ; TRST        ; 1.000        ; 2.290      ; 9.694      ;
; -6.721 ; DUT:dut1|stringrec:dut|knife:c|D_FF:D2|Q       ; DUT:dut1|stringrec:dut|knife:c|D_FF:D1|Q     ; TRST         ; TRST        ; 1.000        ; 0.000      ; 7.388      ;
; -6.651 ; Scan_Chain:scan_instance|Scan_Reg:In_Reg|L2[0] ; DUT:dut1|stringrec:dut|terrorist:d|D_FF:D2|Q ; TCLK         ; TRST        ; 1.000        ; 2.290      ; 9.608      ;
; -6.631 ; Scan_Chain:scan_instance|Scan_Reg:In_Reg|L2[3] ; DUT:dut1|stringrec:dut|knife:c|D_FF:D0|Q     ; TCLK         ; TRST        ; 1.000        ; 2.290      ; 9.588      ;
; -6.629 ; Scan_Chain:scan_instance|Scan_Reg:In_Reg|L2[6] ; DUT:dut1|stringrec:dut|terrorist:d|D_FF:D1|Q ; TCLK         ; TRST        ; 1.000        ; 2.290      ; 9.586      ;
; -6.612 ; Scan_Chain:scan_instance|Scan_Reg:In_Reg|L2[1] ; DUT:dut1|stringrec:dut|bomber:b|D_FF:D0|Q    ; TCLK         ; TRST        ; 1.000        ; 2.290      ; 9.569      ;
; -6.595 ; Scan_Chain:scan_instance|Scan_Reg:In_Reg|L2[3] ; DUT:dut1|stringrec:dut|knife:c|D_FF:D1|Q     ; TCLK         ; TRST        ; 1.000        ; 2.290      ; 9.552      ;
; -6.570 ; DUT:dut1|stringrec:dut|terrorist:d|D_FF:D1|Q   ; DUT:dut1|stringrec:dut|terrorist:d|D_FF:D1|Q ; TRST         ; TRST        ; 1.000        ; 0.000      ; 7.237      ;
; -6.561 ; Scan_Chain:scan_instance|Scan_Reg:In_Reg|L2[4] ; DUT:dut1|stringrec:dut|terrorist:d|D_FF:D1|Q ; TCLK         ; TRST        ; 1.000        ; 2.290      ; 9.518      ;
; -6.530 ; Scan_Chain:scan_instance|Scan_Reg:In_Reg|L2[3] ; DUT:dut1|stringrec:dut|terrorist:d|D_FF:D1|Q ; TCLK         ; TRST        ; 1.000        ; 2.290      ; 9.487      ;
; -6.502 ; DUT:dut1|stringrec:dut|terrorist:d|D_FF:D2|Q   ; DUT:dut1|stringrec:dut|terrorist:d|D_FF:D1|Q ; TRST         ; TRST        ; 1.000        ; 0.000      ; 7.169      ;
; -6.416 ; Scan_Chain:scan_instance|Scan_Reg:In_Reg|L2[0] ; DUT:dut1|stringrec:dut|gunman:a|D_FF:D1|Q    ; TCLK         ; TRST        ; 1.000        ; 2.290      ; 9.373      ;
; -6.395 ; Scan_Chain:scan_instance|Scan_Reg:In_Reg|L2[1] ; DUT:dut1|stringrec:dut|bomber:b|D_FF:D1|Q    ; TCLK         ; TRST        ; 1.000        ; 2.290      ; 9.352      ;
; -6.390 ; Scan_Chain:scan_instance|Scan_Reg:In_Reg|L2[0] ; DUT:dut1|stringrec:dut|gunman:a|D_FF:D0|Q    ; TCLK         ; TRST        ; 1.000        ; 2.290      ; 9.347      ;
; -6.356 ; DUT:dut1|stringrec:dut|knife:c|D_FF:D0|Q       ; DUT:dut1|stringrec:dut|knife:c|D_FF:D1|Q     ; TRST         ; TRST        ; 1.000        ; 0.000      ; 7.023      ;
; -6.354 ; DUT:dut1|stringrec:dut|knife:c|D_FF:D0|Q       ; DUT:dut1|stringrec:dut|knife:c|D_FF:D0|Q     ; TRST         ; TRST        ; 1.000        ; 0.000      ; 7.021      ;
; -6.343 ; Scan_Chain:scan_instance|Scan_Reg:In_Reg|L2[4] ; DUT:dut1|stringrec:dut|terrorist:d|D_FF:D2|Q ; TCLK         ; TRST        ; 1.000        ; 2.290      ; 9.300      ;
; -6.340 ; Scan_Chain:scan_instance|Scan_Reg:In_Reg|L2[1] ; DUT:dut1|stringrec:dut|gunman:a|D_FF:D1|Q    ; TCLK         ; TRST        ; 1.000        ; 2.290      ; 9.297      ;
; -6.312 ; Scan_Chain:scan_instance|Scan_Reg:In_Reg|L2[3] ; DUT:dut1|stringrec:dut|terrorist:d|D_FF:D2|Q ; TCLK         ; TRST        ; 1.000        ; 2.290      ; 9.269      ;
; -6.299 ; Scan_Chain:scan_instance|Scan_Reg:In_Reg|L2[0] ; DUT:dut1|stringrec:dut|knife:c|D_FF:D1|Q     ; TCLK         ; TRST        ; 1.000        ; 2.290      ; 9.256      ;
; -6.292 ; Scan_Chain:scan_instance|Scan_Reg:In_Reg|L2[6] ; DUT:dut1|stringrec:dut|terrorist:d|D_FF:D2|Q ; TCLK         ; TRST        ; 1.000        ; 2.290      ; 9.249      ;
; -6.284 ; Scan_Chain:scan_instance|Scan_Reg:In_Reg|L2[0] ; DUT:dut1|stringrec:dut|knife:c|D_FF:D2|Q     ; TCLK         ; TRST        ; 1.000        ; 2.290      ; 9.241      ;
; -6.237 ; Scan_Chain:scan_instance|Scan_Reg:In_Reg|L2[1] ; DUT:dut1|stringrec:dut|gunman:a|D_FF:D0|Q    ; TCLK         ; TRST        ; 1.000        ; 2.290      ; 9.194      ;
; -6.191 ; DUT:dut1|stringrec:dut|bomber:b|D_FF:D0|Q      ; DUT:dut1|stringrec:dut|bomber:b|D_FF:D1|Q    ; TRST         ; TRST        ; 1.000        ; 0.000      ; 6.858      ;
; -6.157 ; Scan_Chain:scan_instance|Scan_Reg:In_Reg|L2[0] ; DUT:dut1|stringrec:dut|bomber:b|D_FF:D0|Q    ; TCLK         ; TRST        ; 1.000        ; 2.290      ; 9.114      ;
; -6.143 ; DUT:dut1|stringrec:dut|bomber:b|D_FF:D0|Q      ; DUT:dut1|stringrec:dut|bomber:b|D_FF:D0|Q    ; TRST         ; TRST        ; 1.000        ; 0.000      ; 6.810      ;
; -6.122 ; Scan_Chain:scan_instance|Scan_Reg:In_Reg|L2[1] ; DUT:dut1|stringrec:dut|knife:c|D_FF:D1|Q     ; TCLK         ; TRST        ; 1.000        ; 2.290      ; 9.079      ;
; -6.117 ; DUT:dut1|stringrec:dut|terrorist:d|D_FF:D0|Q   ; DUT:dut1|stringrec:dut|terrorist:d|D_FF:D0|Q ; TRST         ; TRST        ; 1.000        ; 0.000      ; 6.784      ;
; -6.107 ; Scan_Chain:scan_instance|Scan_Reg:In_Reg|L2[1] ; DUT:dut1|stringrec:dut|knife:c|D_FF:D2|Q     ; TCLK         ; TRST        ; 1.000        ; 2.290      ; 9.064      ;
; -6.098 ; Scan_Chain:scan_instance|Scan_Reg:In_Reg|L2[2] ; DUT:dut1|stringrec:dut|bomber:b|D_FF:D0|Q    ; TCLK         ; TRST        ; 1.000        ; 2.290      ; 9.055      ;
; -5.874 ; Scan_Chain:scan_instance|Scan_Reg:In_Reg|L2[0] ; DUT:dut1|stringrec:dut|knife:c|D_FF:D0|Q     ; TCLK         ; TRST        ; 1.000        ; 2.290      ; 8.831      ;
; -5.852 ; Scan_Chain:scan_instance|Scan_Reg:In_Reg|L2[4] ; DUT:dut1|stringrec:dut|knife:c|D_FF:D2|Q     ; TCLK         ; TRST        ; 1.000        ; 2.290      ; 8.809      ;
; -5.839 ; Scan_Chain:scan_instance|Scan_Reg:In_Reg|L2[2] ; DUT:dut1|stringrec:dut|knife:c|D_FF:D1|Q     ; TCLK         ; TRST        ; 1.000        ; 2.290      ; 8.796      ;
; -5.824 ; Scan_Chain:scan_instance|Scan_Reg:In_Reg|L2[2] ; DUT:dut1|stringrec:dut|knife:c|D_FF:D2|Q     ; TCLK         ; TRST        ; 1.000        ; 2.290      ; 8.781      ;
; -5.821 ; Scan_Chain:scan_instance|Scan_Reg:In_Reg|L2[2] ; DUT:dut1|stringrec:dut|gunman:a|D_FF:D1|Q    ; TCLK         ; TRST        ; 1.000        ; 2.290      ; 8.778      ;
; -5.778 ; Scan_Chain:scan_instance|Scan_Reg:In_Reg|L2[0] ; DUT:dut1|stringrec:dut|bomber:b|D_FF:D1|Q    ; TCLK         ; TRST        ; 1.000        ; 2.290      ; 8.735      ;
; -5.662 ; Scan_Chain:scan_instance|Scan_Reg:In_Reg|L2[2] ; DUT:dut1|stringrec:dut|bomber:b|D_FF:D1|Q    ; TCLK         ; TRST        ; 1.000        ; 2.290      ; 8.619      ;
; -5.513 ; Scan_Chain:scan_instance|Scan_Reg:In_Reg|L2[3] ; DUT:dut1|stringrec:dut|knife:c|D_FF:D2|Q     ; TCLK         ; TRST        ; 1.000        ; 2.290      ; 8.470      ;
; -5.497 ; Scan_Chain:scan_instance|Scan_Reg:In_Reg|L2[2] ; DUT:dut1|stringrec:dut|knife:c|D_FF:D0|Q     ; TCLK         ; TRST        ; 1.000        ; 2.290      ; 8.454      ;
; -5.314 ; Scan_Chain:scan_instance|Scan_Reg:In_Reg|L2[2] ; DUT:dut1|stringrec:dut|gunman:a|D_FF:D0|Q    ; TCLK         ; TRST        ; 1.000        ; 2.290      ; 8.271      ;
; -5.210 ; DUT:dut1|stringrec:dut|terrorist:d|D_FF:D0|Q   ; DUT:dut1|stringrec:dut|terrorist:d|D_FF:D1|Q ; TRST         ; TRST        ; 1.000        ; 0.000      ; 5.877      ;
; -5.114 ; DUT:dut1|stringrec:dut|knife:c|D_FF:D1|Q       ; DUT:dut1|stringrec:dut|knife:c|D_FF:D0|Q     ; TRST         ; TRST        ; 1.000        ; 0.000      ; 5.781      ;
; -5.047 ; Scan_Chain:scan_instance|Scan_Reg:In_Reg|L2[6] ; DUT:dut1|stringrec:dut|bomber:b|D_FF:D1|Q    ; TCLK         ; TRST        ; 1.000        ; 2.290      ; 8.004      ;
; -4.826 ; DUT:dut1|stringrec:dut|knife:c|D_FF:D1|Q       ; DUT:dut1|stringrec:dut|knife:c|D_FF:D1|Q     ; TRST         ; TRST        ; 1.000        ; 0.000      ; 5.493      ;
; -4.819 ; Scan_Chain:scan_instance|Scan_Reg:In_Reg|L2[6] ; DUT:dut1|stringrec:dut|bomber:b|D_FF:D0|Q    ; TCLK         ; TRST        ; 1.000        ; 2.290      ; 7.776      ;
; -4.759 ; Scan_Chain:scan_instance|Scan_Reg:In_Reg|L2[6] ; DUT:dut1|stringrec:dut|knife:c|D_FF:D2|Q     ; TCLK         ; TRST        ; 1.000        ; 2.290      ; 7.716      ;
; -4.455 ; DUT:dut1|stringrec:dut|knife:c|D_FF:D2|Q       ; DUT:dut1|stringrec:dut|knife:c|D_FF:D2|Q     ; TRST         ; TRST        ; 1.000        ; 0.000      ; 5.122      ;
; -4.429 ; DUT:dut1|stringrec:dut|terrorist:d|D_FF:D0|Q   ; DUT:dut1|stringrec:dut|terrorist:d|D_FF:D2|Q ; TRST         ; TRST        ; 1.000        ; 0.000      ; 5.096      ;
; -3.759 ; DUT:dut1|stringrec:dut|knife:c|D_FF:D0|Q       ; DUT:dut1|stringrec:dut|knife:c|D_FF:D2|Q     ; TRST         ; TRST        ; 1.000        ; 0.000      ; 4.426      ;
; -3.598 ; DUT:dut1|stringrec:dut|knife:c|D_FF:D1|Q       ; DUT:dut1|stringrec:dut|knife:c|D_FF:D2|Q     ; TRST         ; TRST        ; 1.000        ; 0.000      ; 4.265      ;
; -3.110 ; DUT:dut1|stringrec:dut|bomber:b|D_FF:D1|Q      ; DUT:dut1|stringrec:dut|bomber:b|D_FF:D0|Q    ; TRST         ; TRST        ; 1.000        ; 0.000      ; 3.777      ;
; -3.036 ; DUT:dut1|stringrec:dut|gunman:a|D_FF:D0|Q      ; DUT:dut1|stringrec:dut|gunman:a|D_FF:D0|Q    ; TRST         ; TRST        ; 1.000        ; 0.000      ; 3.703      ;
; -2.954 ; DUT:dut1|stringrec:dut|gunman:a|D_FF:D1|Q      ; DUT:dut1|stringrec:dut|gunman:a|D_FF:D1|Q    ; TRST         ; TRST        ; 1.000        ; 0.000      ; 3.621      ;
; -2.700 ; DUT:dut1|stringrec:dut|bomber:b|D_FF:D1|Q      ; DUT:dut1|stringrec:dut|bomber:b|D_FF:D1|Q    ; TRST         ; TRST        ; 1.000        ; 0.000      ; 3.367      ;
; -2.619 ; DUT:dut1|stringrec:dut|gunman:a|D_FF:D0|Q      ; DUT:dut1|stringrec:dut|gunman:a|D_FF:D1|Q    ; TRST         ; TRST        ; 1.000        ; 0.000      ; 3.286      ;
; -2.558 ; TRST                                           ; DUT:dut1|stringrec:dut|terrorist:d|D_FF:D0|Q ; TRST         ; TRST        ; 0.500        ; 9.870      ; 12.595     ;
; -2.316 ; TRST                                           ; DUT:dut1|stringrec:dut|gunman:a|D_FF:D0|Q    ; TRST         ; TRST        ; 0.500        ; 9.870      ; 12.353     ;
; -2.058 ; TRST                                           ; DUT:dut1|stringrec:dut|terrorist:d|D_FF:D0|Q ; TRST         ; TRST        ; 1.000        ; 9.870      ; 12.595     ;
; -1.994 ; TRST                                           ; DUT:dut1|stringrec:dut|bomber:b|D_FF:D1|Q    ; TRST         ; TRST        ; 0.500        ; 9.870      ; 12.031     ;
; -1.862 ; TRST                                           ; DUT:dut1|stringrec:dut|terrorist:d|D_FF:D1|Q ; TRST         ; TRST        ; 0.500        ; 9.870      ; 11.899     ;
; -1.816 ; TRST                                           ; DUT:dut1|stringrec:dut|gunman:a|D_FF:D0|Q    ; TRST         ; TRST        ; 1.000        ; 9.870      ; 12.353     ;
; -1.706 ; TRST                                           ; DUT:dut1|stringrec:dut|knife:c|D_FF:D2|Q     ; TRST         ; TRST        ; 0.500        ; 9.870      ; 11.743     ;
; -1.705 ; TRST                                           ; DUT:dut1|stringrec:dut|gunman:a|D_FF:D1|Q    ; TRST         ; TRST        ; 0.500        ; 9.870      ; 11.742     ;
; -1.703 ; TRST                                           ; DUT:dut1|stringrec:dut|knife:c|D_FF:D0|Q     ; TRST         ; TRST        ; 0.500        ; 9.870      ; 11.740     ;
; -1.693 ; TRST                                           ; DUT:dut1|stringrec:dut|knife:c|D_FF:D1|Q     ; TRST         ; TRST        ; 0.500        ; 9.870      ; 11.730     ;
; -1.652 ; TRST                                           ; DUT:dut1|stringrec:dut|bomber:b|D_FF:D0|Q    ; TRST         ; TRST        ; 0.500        ; 9.870      ; 11.689     ;
; -1.581 ; DUT:dut1|stringrec:dut|gunman:a|D_FF:D1|Q      ; DUT:dut1|stringrec:dut|gunman:a|D_FF:D0|Q    ; TRST         ; TRST        ; 1.000        ; 0.000      ; 2.248      ;
; -1.542 ; TRST                                           ; DUT:dut1|stringrec:dut|terrorist:d|D_FF:D2|Q ; TRST         ; TRST        ; 0.500        ; 9.870      ; 11.579     ;
; -1.494 ; TRST                                           ; DUT:dut1|stringrec:dut|bomber:b|D_FF:D1|Q    ; TRST         ; TRST        ; 1.000        ; 9.870      ; 12.031     ;
; -1.362 ; TRST                                           ; DUT:dut1|stringrec:dut|terrorist:d|D_FF:D1|Q ; TRST         ; TRST        ; 1.000        ; 9.870      ; 11.899     ;
; -1.206 ; TRST                                           ; DUT:dut1|stringrec:dut|knife:c|D_FF:D2|Q     ; TRST         ; TRST        ; 1.000        ; 9.870      ; 11.743     ;
; -1.205 ; TRST                                           ; DUT:dut1|stringrec:dut|gunman:a|D_FF:D1|Q    ; TRST         ; TRST        ; 1.000        ; 9.870      ; 11.742     ;
+--------+------------------------------------------------+----------------------------------------------+--------------+-------------+--------------+------------+------------+


+-----------------------------------------------------------------------------------------------------------------------------------------------------------------------------+
; Hold: 'TRST'                                                                                                                                                                ;
+-------+------------------------------------------------+----------------------------------------------+--------------+-------------+--------------+------------+------------+
; Slack ; From Node                                      ; To Node                                      ; Launch Clock ; Latch Clock ; Relationship ; Clock Skew ; Data Delay ;
+-------+------------------------------------------------+----------------------------------------------+--------------+-------------+--------------+------------+------------+
; 0.608 ; TRST                                           ; DUT:dut1|stringrec:dut|knife:c|D_FF:D0|Q     ; TRST         ; TRST        ; 0.000        ; 9.870      ; 10.699     ;
; 0.632 ; Scan_Chain:scan_instance|Scan_Reg:In_Reg|L2[6] ; DUT:dut1|stringrec:dut|gunman:a|D_FF:D1|Q    ; TCLK         ; TRST        ; 0.000        ; 2.290      ; 3.143      ;
; 0.635 ; Scan_Chain:scan_instance|Scan_Reg:In_Reg|L2[6] ; DUT:dut1|stringrec:dut|gunman:a|D_FF:D0|Q    ; TCLK         ; TRST        ; 0.000        ; 2.290      ; 3.146      ;
; 0.723 ; TRST                                           ; DUT:dut1|stringrec:dut|knife:c|D_FF:D1|Q     ; TRST         ; TRST        ; 0.000        ; 9.870      ; 10.814     ;
; 0.778 ; TRST                                           ; DUT:dut1|stringrec:dut|terrorist:d|D_FF:D2|Q ; TRST         ; TRST        ; 0.000        ; 9.870      ; 10.869     ;
; 0.836 ; TRST                                           ; DUT:dut1|stringrec:dut|bomber:b|D_FF:D1|Q    ; TRST         ; TRST        ; 0.000        ; 9.870      ; 10.927     ;
; 0.974 ; TRST                                           ; DUT:dut1|stringrec:dut|knife:c|D_FF:D2|Q     ; TRST         ; TRST        ; 0.000        ; 9.870      ; 11.065     ;
; 0.996 ; TRST                                           ; DUT:dut1|stringrec:dut|terrorist:d|D_FF:D1|Q ; TRST         ; TRST        ; 0.000        ; 9.870      ; 11.087     ;
; 1.005 ; TRST                                           ; DUT:dut1|stringrec:dut|bomber:b|D_FF:D0|Q    ; TRST         ; TRST        ; 0.000        ; 9.870      ; 11.096     ;
; 1.068 ; TRST                                           ; DUT:dut1|stringrec:dut|terrorist:d|D_FF:D0|Q ; TRST         ; TRST        ; 0.000        ; 9.870      ; 11.159     ;
; 1.108 ; TRST                                           ; DUT:dut1|stringrec:dut|knife:c|D_FF:D0|Q     ; TRST         ; TRST        ; -0.500       ; 9.870      ; 10.699     ;
; 1.137 ; TRST                                           ; DUT:dut1|stringrec:dut|gunman:a|D_FF:D1|Q    ; TRST         ; TRST        ; 0.000        ; 9.870      ; 11.228     ;
; 1.148 ; TRST                                           ; DUT:dut1|stringrec:dut|gunman:a|D_FF:D0|Q    ; TRST         ; TRST        ; 0.000        ; 9.870      ; 11.239     ;
; 1.223 ; TRST                                           ; DUT:dut1|stringrec:dut|knife:c|D_FF:D1|Q     ; TRST         ; TRST        ; -0.500       ; 9.870      ; 10.814     ;
; 1.278 ; TRST                                           ; DUT:dut1|stringrec:dut|terrorist:d|D_FF:D2|Q ; TRST         ; TRST        ; -0.500       ; 9.870      ; 10.869     ;
; 1.336 ; TRST                                           ; DUT:dut1|stringrec:dut|bomber:b|D_FF:D1|Q    ; TRST         ; TRST        ; -0.500       ; 9.870      ; 10.927     ;
; 1.474 ; TRST                                           ; DUT:dut1|stringrec:dut|knife:c|D_FF:D2|Q     ; TRST         ; TRST        ; -0.500       ; 9.870      ; 11.065     ;
; 1.496 ; TRST                                           ; DUT:dut1|stringrec:dut|terrorist:d|D_FF:D1|Q ; TRST         ; TRST        ; -0.500       ; 9.870      ; 11.087     ;
; 1.505 ; TRST                                           ; DUT:dut1|stringrec:dut|bomber:b|D_FF:D0|Q    ; TRST         ; TRST        ; -0.500       ; 9.870      ; 11.096     ;
; 1.568 ; TRST                                           ; DUT:dut1|stringrec:dut|terrorist:d|D_FF:D0|Q ; TRST         ; TRST        ; -0.500       ; 9.870      ; 11.159     ;
; 1.637 ; TRST                                           ; DUT:dut1|stringrec:dut|gunman:a|D_FF:D1|Q    ; TRST         ; TRST        ; -0.500       ; 9.870      ; 11.228     ;
; 1.648 ; TRST                                           ; DUT:dut1|stringrec:dut|gunman:a|D_FF:D0|Q    ; TRST         ; TRST        ; -0.500       ; 9.870      ; 11.239     ;
; 1.736 ; DUT:dut1|stringrec:dut|bomber:b|D_FF:D1|Q      ; DUT:dut1|stringrec:dut|bomber:b|D_FF:D1|Q    ; TRST         ; TRST        ; 0.000        ; 0.000      ; 1.957      ;
; 1.738 ; DUT:dut1|stringrec:dut|bomber:b|D_FF:D1|Q      ; DUT:dut1|stringrec:dut|bomber:b|D_FF:D0|Q    ; TRST         ; TRST        ; 0.000        ; 0.000      ; 1.959      ;
; 2.027 ; DUT:dut1|stringrec:dut|gunman:a|D_FF:D1|Q      ; DUT:dut1|stringrec:dut|gunman:a|D_FF:D0|Q    ; TRST         ; TRST        ; 0.000        ; 0.000      ; 2.248      ;
; 2.627 ; DUT:dut1|stringrec:dut|knife:c|D_FF:D2|Q       ; DUT:dut1|stringrec:dut|knife:c|D_FF:D2|Q     ; TRST         ; TRST        ; 0.000        ; 0.000      ; 2.848      ;
; 2.990 ; DUT:dut1|stringrec:dut|knife:c|D_FF:D0|Q       ; DUT:dut1|stringrec:dut|knife:c|D_FF:D2|Q     ; TRST         ; TRST        ; 0.000        ; 0.000      ; 3.211      ;
; 3.065 ; DUT:dut1|stringrec:dut|gunman:a|D_FF:D0|Q      ; DUT:dut1|stringrec:dut|gunman:a|D_FF:D1|Q    ; TRST         ; TRST        ; 0.000        ; 0.000      ; 3.286      ;
; 3.110 ; DUT:dut1|stringrec:dut|terrorist:d|D_FF:D0|Q   ; DUT:dut1|stringrec:dut|terrorist:d|D_FF:D1|Q ; TRST         ; TRST        ; 0.000        ; 0.000      ; 3.331      ;
; 3.170 ; DUT:dut1|stringrec:dut|knife:c|D_FF:D1|Q       ; DUT:dut1|stringrec:dut|knife:c|D_FF:D2|Q     ; TRST         ; TRST        ; 0.000        ; 0.000      ; 3.391      ;
; 3.316 ; DUT:dut1|stringrec:dut|bomber:b|D_FF:D0|Q      ; DUT:dut1|stringrec:dut|bomber:b|D_FF:D0|Q    ; TRST         ; TRST        ; 0.000        ; 0.000      ; 3.537      ;
; 3.400 ; DUT:dut1|stringrec:dut|gunman:a|D_FF:D1|Q      ; DUT:dut1|stringrec:dut|gunman:a|D_FF:D1|Q    ; TRST         ; TRST        ; 0.000        ; 0.000      ; 3.621      ;
; 3.458 ; DUT:dut1|stringrec:dut|knife:c|D_FF:D1|Q       ; DUT:dut1|stringrec:dut|knife:c|D_FF:D1|Q     ; TRST         ; TRST        ; 0.000        ; 0.000      ; 3.679      ;
; 3.463 ; DUT:dut1|stringrec:dut|knife:c|D_FF:D1|Q       ; DUT:dut1|stringrec:dut|knife:c|D_FF:D0|Q     ; TRST         ; TRST        ; 0.000        ; 0.000      ; 3.684      ;
; 3.482 ; DUT:dut1|stringrec:dut|gunman:a|D_FF:D0|Q      ; DUT:dut1|stringrec:dut|gunman:a|D_FF:D0|Q    ; TRST         ; TRST        ; 0.000        ; 0.000      ; 3.703      ;
; 3.628 ; DUT:dut1|stringrec:dut|bomber:b|D_FF:D0|Q      ; DUT:dut1|stringrec:dut|bomber:b|D_FF:D1|Q    ; TRST         ; TRST        ; 0.000        ; 0.000      ; 3.849      ;
; 3.759 ; DUT:dut1|stringrec:dut|terrorist:d|D_FF:D2|Q   ; DUT:dut1|stringrec:dut|terrorist:d|D_FF:D0|Q ; TRST         ; TRST        ; 0.000        ; 0.000      ; 3.980      ;
; 3.853 ; DUT:dut1|stringrec:dut|knife:c|D_FF:D0|Q       ; DUT:dut1|stringrec:dut|knife:c|D_FF:D1|Q     ; TRST         ; TRST        ; 0.000        ; 0.000      ; 4.074      ;
; 4.010 ; DUT:dut1|stringrec:dut|terrorist:d|D_FF:D0|Q   ; DUT:dut1|stringrec:dut|terrorist:d|D_FF:D0|Q ; TRST         ; TRST        ; 0.000        ; 0.000      ; 4.231      ;
; 4.093 ; DUT:dut1|stringrec:dut|terrorist:d|D_FF:D2|Q   ; DUT:dut1|stringrec:dut|terrorist:d|D_FF:D1|Q ; TRST         ; TRST        ; 0.000        ; 0.000      ; 4.314      ;
; 4.875 ; DUT:dut1|stringrec:dut|terrorist:d|D_FF:D0|Q   ; DUT:dut1|stringrec:dut|terrorist:d|D_FF:D2|Q ; TRST         ; TRST        ; 0.000        ; 0.000      ; 5.096      ;
; 4.958 ; Scan_Chain:scan_instance|Scan_Reg:In_Reg|L2[6] ; DUT:dut1|stringrec:dut|bomber:b|D_FF:D0|Q    ; TCLK         ; TRST        ; 0.000        ; 2.290      ; 7.469      ;
; 5.205 ; Scan_Chain:scan_instance|Scan_Reg:In_Reg|L2[6] ; DUT:dut1|stringrec:dut|knife:c|D_FF:D2|Q     ; TCLK         ; TRST        ; 0.000        ; 2.290      ; 7.716      ;
; 5.313 ; Scan_Chain:scan_instance|Scan_Reg:In_Reg|L2[6] ; DUT:dut1|stringrec:dut|bomber:b|D_FF:D1|Q    ; TCLK         ; TRST        ; 0.000        ; 2.290      ; 7.824      ;
; 5.503 ; Scan_Chain:scan_instance|Scan_Reg:In_Reg|L2[6] ; DUT:dut1|stringrec:dut|terrorist:d|D_FF:D0|Q ; TCLK         ; TRST        ; 0.000        ; 2.290      ; 8.014      ;
; 5.543 ; Scan_Chain:scan_instance|Scan_Reg:In_Reg|L2[2] ; DUT:dut1|stringrec:dut|gunman:a|D_FF:D0|Q    ; TCLK         ; TRST        ; 0.000        ; 2.290      ; 8.054      ;
; 5.549 ; Scan_Chain:scan_instance|Scan_Reg:In_Reg|L2[3] ; DUT:dut1|stringrec:dut|knife:c|D_FF:D0|Q     ; TCLK         ; TRST        ; 0.000        ; 2.290      ; 8.060      ;
; 5.678 ; Scan_Chain:scan_instance|Scan_Reg:In_Reg|L2[2] ; DUT:dut1|stringrec:dut|knife:c|D_FF:D2|Q     ; TCLK         ; TRST        ; 0.000        ; 2.290      ; 8.189      ;
; 5.756 ; Scan_Chain:scan_instance|Scan_Reg:In_Reg|L2[6] ; DUT:dut1|stringrec:dut|terrorist:d|D_FF:D1|Q ; TCLK         ; TRST        ; 0.000        ; 2.290      ; 8.267      ;
; 5.786 ; Scan_Chain:scan_instance|Scan_Reg:In_Reg|L2[2] ; DUT:dut1|stringrec:dut|gunman:a|D_FF:D1|Q    ; TCLK         ; TRST        ; 0.000        ; 2.290      ; 8.297      ;
; 5.799 ; Scan_Chain:scan_instance|Scan_Reg:In_Reg|L2[3] ; DUT:dut1|stringrec:dut|bomber:b|D_FF:D1|Q    ; TCLK         ; TRST        ; 0.000        ; 2.290      ; 8.310      ;
; 5.853 ; Scan_Chain:scan_instance|Scan_Reg:In_Reg|L2[2] ; DUT:dut1|stringrec:dut|knife:c|D_FF:D1|Q     ; TCLK         ; TRST        ; 0.000        ; 2.290      ; 8.364      ;
; 5.855 ; Scan_Chain:scan_instance|Scan_Reg:In_Reg|L2[2] ; DUT:dut1|stringrec:dut|knife:c|D_FF:D0|Q     ; TCLK         ; TRST        ; 0.000        ; 2.290      ; 8.366      ;
; 5.888 ; Scan_Chain:scan_instance|Scan_Reg:In_Reg|L2[4] ; DUT:dut1|stringrec:dut|knife:c|D_FF:D0|Q     ; TCLK         ; TRST        ; 0.000        ; 2.290      ; 8.399      ;
; 5.910 ; Scan_Chain:scan_instance|Scan_Reg:In_Reg|L2[2] ; DUT:dut1|stringrec:dut|terrorist:d|D_FF:D1|Q ; TCLK         ; TRST        ; 0.000        ; 2.290      ; 8.421      ;
; 5.916 ; Scan_Chain:scan_instance|Scan_Reg:In_Reg|L2[3] ; DUT:dut1|stringrec:dut|knife:c|D_FF:D2|Q     ; TCLK         ; TRST        ; 0.000        ; 2.290      ; 8.427      ;
; 5.935 ; Scan_Chain:scan_instance|Scan_Reg:In_Reg|L2[3] ; DUT:dut1|stringrec:dut|bomber:b|D_FF:D0|Q    ; TCLK         ; TRST        ; 0.000        ; 2.290      ; 8.446      ;
; 5.969 ; Scan_Chain:scan_instance|Scan_Reg:In_Reg|L2[0] ; DUT:dut1|stringrec:dut|knife:c|D_FF:D1|Q     ; TCLK         ; TRST        ; 0.000        ; 2.290      ; 8.480      ;
; 5.970 ; Scan_Chain:scan_instance|Scan_Reg:In_Reg|L2[0] ; DUT:dut1|stringrec:dut|knife:c|D_FF:D0|Q     ; TCLK         ; TRST        ; 0.000        ; 2.290      ; 8.481      ;
; 5.974 ; Scan_Chain:scan_instance|Scan_Reg:In_Reg|L2[3] ; DUT:dut1|stringrec:dut|knife:c|D_FF:D1|Q     ; TCLK         ; TRST        ; 0.000        ; 2.290      ; 8.485      ;
; 5.975 ; Scan_Chain:scan_instance|Scan_Reg:In_Reg|L2[2] ; DUT:dut1|stringrec:dut|bomber:b|D_FF:D1|Q    ; TCLK         ; TRST        ; 0.000        ; 2.290      ; 8.486      ;
; 6.011 ; Scan_Chain:scan_instance|Scan_Reg:In_Reg|L2[6] ; DUT:dut1|stringrec:dut|terrorist:d|D_FF:D2|Q ; TCLK         ; TRST        ; 0.000        ; 2.290      ; 8.522      ;
; 6.082 ; Scan_Chain:scan_instance|Scan_Reg:In_Reg|L2[0] ; DUT:dut1|stringrec:dut|bomber:b|D_FF:D1|Q    ; TCLK         ; TRST        ; 0.000        ; 2.290      ; 8.593      ;
; 6.091 ; Scan_Chain:scan_instance|Scan_Reg:In_Reg|L2[0] ; DUT:dut1|stringrec:dut|gunman:a|D_FF:D0|Q    ; TCLK         ; TRST        ; 0.000        ; 2.290      ; 8.602      ;
; 6.138 ; Scan_Chain:scan_instance|Scan_Reg:In_Reg|L2[4] ; DUT:dut1|stringrec:dut|bomber:b|D_FF:D1|Q    ; TCLK         ; TRST        ; 0.000        ; 2.290      ; 8.649      ;
; 6.143 ; Scan_Chain:scan_instance|Scan_Reg:In_Reg|L2[1] ; DUT:dut1|stringrec:dut|knife:c|D_FF:D0|Q     ; TCLK         ; TRST        ; 0.000        ; 2.290      ; 8.654      ;
; 6.148 ; Scan_Chain:scan_instance|Scan_Reg:In_Reg|L2[3] ; DUT:dut1|stringrec:dut|terrorist:d|D_FF:D1|Q ; TCLK         ; TRST        ; 0.000        ; 2.290      ; 8.659      ;
; 6.244 ; Scan_Chain:scan_instance|Scan_Reg:In_Reg|L2[2] ; DUT:dut1|stringrec:dut|bomber:b|D_FF:D0|Q    ; TCLK         ; TRST        ; 0.000        ; 2.290      ; 8.755      ;
; 6.255 ; Scan_Chain:scan_instance|Scan_Reg:In_Reg|L2[4] ; DUT:dut1|stringrec:dut|knife:c|D_FF:D2|Q     ; TCLK         ; TRST        ; 0.000        ; 2.290      ; 8.766      ;
; 6.274 ; Scan_Chain:scan_instance|Scan_Reg:In_Reg|L2[4] ; DUT:dut1|stringrec:dut|bomber:b|D_FF:D0|Q    ; TCLK         ; TRST        ; 0.000        ; 2.290      ; 8.785      ;
; 6.313 ; Scan_Chain:scan_instance|Scan_Reg:In_Reg|L2[4] ; DUT:dut1|stringrec:dut|knife:c|D_FF:D1|Q     ; TCLK         ; TRST        ; 0.000        ; 2.290      ; 8.824      ;
; 6.360 ; Scan_Chain:scan_instance|Scan_Reg:In_Reg|L2[0] ; DUT:dut1|stringrec:dut|bomber:b|D_FF:D0|Q    ; TCLK         ; TRST        ; 0.000        ; 2.290      ; 8.871      ;
; 6.372 ; Scan_Chain:scan_instance|Scan_Reg:In_Reg|L2[1] ; DUT:dut1|stringrec:dut|knife:c|D_FF:D1|Q     ; TCLK         ; TRST        ; 0.000        ; 2.290      ; 8.883      ;
; 6.383 ; Scan_Chain:scan_instance|Scan_Reg:In_Reg|L2[0] ; DUT:dut1|stringrec:dut|gunman:a|D_FF:D1|Q    ; TCLK         ; TRST        ; 0.000        ; 2.290      ; 8.894      ;
; 6.455 ; Scan_Chain:scan_instance|Scan_Reg:In_Reg|L2[2] ; DUT:dut1|stringrec:dut|terrorist:d|D_FF:D0|Q ; TCLK         ; TRST        ; 0.000        ; 2.290      ; 8.966      ;
; 6.487 ; Scan_Chain:scan_instance|Scan_Reg:In_Reg|L2[4] ; DUT:dut1|stringrec:dut|terrorist:d|D_FF:D1|Q ; TCLK         ; TRST        ; 0.000        ; 2.290      ; 8.998      ;
; 6.509 ; Scan_Chain:scan_instance|Scan_Reg:In_Reg|L2[1] ; DUT:dut1|stringrec:dut|knife:c|D_FF:D2|Q     ; TCLK         ; TRST        ; 0.000        ; 2.290      ; 9.020      ;
; 6.514 ; Scan_Chain:scan_instance|Scan_Reg:In_Reg|L2[0] ; DUT:dut1|stringrec:dut|terrorist:d|D_FF:D0|Q ; TCLK         ; TRST        ; 0.000        ; 2.290      ; 9.025      ;
; 6.539 ; Scan_Chain:scan_instance|Scan_Reg:In_Reg|L2[0] ; DUT:dut1|stringrec:dut|knife:c|D_FF:D2|Q     ; TCLK         ; TRST        ; 0.000        ; 2.290      ; 9.050      ;
; 6.540 ; Scan_Chain:scan_instance|Scan_Reg:In_Reg|L2[1] ; DUT:dut1|stringrec:dut|bomber:b|D_FF:D0|Q    ; TCLK         ; TRST        ; 0.000        ; 2.290      ; 9.051      ;
; 6.601 ; DUT:dut1|stringrec:dut|knife:c|D_FF:D0|Q       ; DUT:dut1|stringrec:dut|knife:c|D_FF:D0|Q     ; TRST         ; TRST        ; 0.000        ; 0.000      ; 6.822      ;
; 6.602 ; Scan_Chain:scan_instance|Scan_Reg:In_Reg|L2[3] ; DUT:dut1|stringrec:dut|gunman:a|D_FF:D0|Q    ; TCLK         ; TRST        ; 0.000        ; 2.290      ; 9.113      ;
; 6.611 ; DUT:dut1|stringrec:dut|terrorist:d|D_FF:D2|Q   ; DUT:dut1|stringrec:dut|terrorist:d|D_FF:D2|Q ; TRST         ; TRST        ; 0.000        ; 0.000      ; 6.832      ;
; 6.619 ; Scan_Chain:scan_instance|Scan_Reg:In_Reg|L2[1] ; DUT:dut1|stringrec:dut|gunman:a|D_FF:D0|Q    ; TCLK         ; TRST        ; 0.000        ; 2.290      ; 9.130      ;
; 6.644 ; DUT:dut1|stringrec:dut|terrorist:d|D_FF:D1|Q   ; DUT:dut1|stringrec:dut|terrorist:d|D_FF:D2|Q ; TRST         ; TRST        ; 0.000        ; 0.000      ; 6.865      ;
; 6.645 ; Scan_Chain:scan_instance|Scan_Reg:In_Reg|L2[1] ; DUT:dut1|stringrec:dut|gunman:a|D_FF:D1|Q    ; TCLK         ; TRST        ; 0.000        ; 2.290      ; 9.156      ;
; 6.678 ; Scan_Chain:scan_instance|Scan_Reg:In_Reg|L2[1] ; DUT:dut1|stringrec:dut|terrorist:d|D_FF:D0|Q ; TCLK         ; TRST        ; 0.000        ; 2.290      ; 9.189      ;
; 6.741 ; Scan_Chain:scan_instance|Scan_Reg:In_Reg|L2[1] ; DUT:dut1|stringrec:dut|terrorist:d|D_FF:D1|Q ; TCLK         ; TRST        ; 0.000        ; 2.290      ; 9.252      ;
; 6.758 ; Scan_Chain:scan_instance|Scan_Reg:In_Reg|L2[3] ; DUT:dut1|stringrec:dut|terrorist:d|D_FF:D2|Q ; TCLK         ; TRST        ; 0.000        ; 2.290      ; 9.269      ;
; 6.763 ; DUT:dut1|stringrec:dut|terrorist:d|D_FF:D1|Q   ; DUT:dut1|stringrec:dut|terrorist:d|D_FF:D0|Q ; TRST         ; TRST        ; 0.000        ; 0.000      ; 6.984      ;
; 6.771 ; Scan_Chain:scan_instance|Scan_Reg:In_Reg|L2[0] ; DUT:dut1|stringrec:dut|terrorist:d|D_FF:D1|Q ; TCLK         ; TRST        ; 0.000        ; 2.290      ; 9.282      ;
; 6.789 ; Scan_Chain:scan_instance|Scan_Reg:In_Reg|L2[4] ; DUT:dut1|stringrec:dut|terrorist:d|D_FF:D2|Q ; TCLK         ; TRST        ; 0.000        ; 2.290      ; 9.300      ;
; 6.823 ; Scan_Chain:scan_instance|Scan_Reg:In_Reg|L2[6] ; DUT:dut1|stringrec:dut|knife:c|D_FF:D0|Q     ; TCLK         ; TRST        ; 0.000        ; 2.290      ; 9.334      ;
; 6.833 ; Scan_Chain:scan_instance|Scan_Reg:In_Reg|L2[1] ; DUT:dut1|stringrec:dut|bomber:b|D_FF:D1|Q    ; TCLK         ; TRST        ; 0.000        ; 2.290      ; 9.344      ;
; 6.844 ; Scan_Chain:scan_instance|Scan_Reg:In_Reg|L2[3] ; DUT:dut1|stringrec:dut|terrorist:d|D_FF:D0|Q ; TCLK         ; TRST        ; 0.000        ; 2.290      ; 9.355      ;
; 6.941 ; Scan_Chain:scan_instance|Scan_Reg:In_Reg|L2[4] ; DUT:dut1|stringrec:dut|gunman:a|D_FF:D0|Q    ; TCLK         ; TRST        ; 0.000        ; 2.290      ; 9.452      ;
; 6.966 ; DUT:dut1|stringrec:dut|knife:c|D_FF:D2|Q       ; DUT:dut1|stringrec:dut|knife:c|D_FF:D0|Q     ; TRST         ; TRST        ; 0.000        ; 0.000      ; 7.187      ;
; 6.981 ; DUT:dut1|stringrec:dut|terrorist:d|D_FF:D1|Q   ; DUT:dut1|stringrec:dut|terrorist:d|D_FF:D1|Q ; TRST         ; TRST        ; 0.000        ; 0.000      ; 7.202      ;
; 7.024 ; Scan_Chain:scan_instance|Scan_Reg:In_Reg|L2[6] ; DUT:dut1|stringrec:dut|knife:c|D_FF:D1|Q     ; TCLK         ; TRST        ; 0.000        ; 2.290      ; 9.535      ;
; 7.077 ; DUT:dut1|stringrec:dut|knife:c|D_FF:D2|Q       ; DUT:dut1|stringrec:dut|knife:c|D_FF:D1|Q     ; TRST         ; TRST        ; 0.000        ; 0.000      ; 7.298      ;
+-------+------------------------------------------------+----------------------------------------------+--------------+-------------+--------------+------------+------------+


+-----------------------------------------------------------------------------------------------------------------------------------------------------------------------------------+
; Hold: 'TCLK'                                                                                                                                                                      ;
+-------+--------------------------------------------------+--------------------------------------------------+--------------+-------------+--------------+------------+------------+
; Slack ; From Node                                        ; To Node                                          ; Launch Clock ; Latch Clock ; Relationship ; Clock Skew ; Data Delay ;
+-------+--------------------------------------------------+--------------------------------------------------+--------------+-------------+--------------+------------+------------+
; 0.815 ; TRST                                             ; Scan_Chain:scan_instance|Scan_Reg:In_Reg|L2[3]   ; TRST         ; TCLK        ; 0.000        ; 7.580      ; 8.616      ;
; 0.844 ; TRST                                             ; Scan_Chain:scan_instance|Scan_Reg:In_Reg|L2[0]   ; TRST         ; TCLK        ; 0.000        ; 7.580      ; 8.645      ;
; 1.001 ; TRST                                             ; Scan_Chain:scan_instance|Scan_Reg:In_Reg|L2[5]   ; TRST         ; TCLK        ; 0.000        ; 7.580      ; 8.802      ;
; 1.070 ; TRST                                             ; Scan_Chain:scan_instance|Scan_Reg:In_Reg|L1[4]   ; TRST         ; TCLK        ; 0.000        ; 7.580      ; 8.871      ;
; 1.070 ; TRST                                             ; Scan_Chain:scan_instance|Scan_Reg:In_Reg|L1[3]   ; TRST         ; TCLK        ; 0.000        ; 7.580      ; 8.871      ;
; 1.070 ; TRST                                             ; Scan_Chain:scan_instance|Scan_Reg:In_Reg|L1[2]   ; TRST         ; TCLK        ; 0.000        ; 7.580      ; 8.871      ;
; 1.070 ; TRST                                             ; Scan_Chain:scan_instance|Scan_Reg:In_Reg|L1[1]   ; TRST         ; TCLK        ; 0.000        ; 7.580      ; 8.871      ;
; 1.070 ; TRST                                             ; Scan_Chain:scan_instance|Scan_Reg:In_Reg|L1[0]   ; TRST         ; TCLK        ; 0.000        ; 7.580      ; 8.871      ;
; 1.070 ; TRST                                             ; Scan_Chain:scan_instance|Scan_Reg:In_Reg|L1[6]   ; TRST         ; TCLK        ; 0.000        ; 7.580      ; 8.871      ;
; 1.070 ; TRST                                             ; Scan_Chain:scan_instance|Scan_Reg:In_Reg|L1[5]   ; TRST         ; TCLK        ; 0.000        ; 7.580      ; 8.871      ;
; 1.150 ; TRST                                             ; Scan_Chain:scan_instance|Scan_Reg:Out_Reg|L1[0]  ; TRST         ; TCLK        ; 0.000        ; 7.580      ; 8.951      ;
; 1.315 ; TRST                                             ; Scan_Chain:scan_instance|Scan_Reg:In_Reg|L2[4]   ; TRST         ; TCLK        ; 0.000        ; 7.580      ; 9.116      ;
; 1.315 ; TRST                                             ; Scan_Chain:scan_instance|Scan_Reg:In_Reg|L2[3]   ; TRST         ; TCLK        ; -0.500       ; 7.580      ; 8.616      ;
; 1.344 ; TRST                                             ; Scan_Chain:scan_instance|Scan_Reg:In_Reg|L2[0]   ; TRST         ; TCLK        ; -0.500       ; 7.580      ; 8.645      ;
; 1.464 ; TRST                                             ; Scan_Chain:scan_instance|Scan_Reg:In_Reg|L2[1]   ; TRST         ; TCLK        ; 0.000        ; 7.580      ; 9.265      ;
; 1.501 ; TRST                                             ; Scan_Chain:scan_instance|Scan_Reg:In_Reg|L2[5]   ; TRST         ; TCLK        ; -0.500       ; 7.580      ; 8.802      ;
; 1.505 ; TRST                                             ; Scan_Chain:scan_instance|Scan_Reg:In_Reg|L2[2]   ; TRST         ; TCLK        ; 0.000        ; 7.580      ; 9.306      ;
; 1.515 ; TRST                                             ; Scan_Chain:scan_instance|Scan_Reg:In_Reg|L2[6]   ; TRST         ; TCLK        ; 0.000        ; 7.580      ; 9.316      ;
; 1.570 ; TRST                                             ; Scan_Chain:scan_instance|Scan_Reg:In_Reg|L1[4]   ; TRST         ; TCLK        ; -0.500       ; 7.580      ; 8.871      ;
; 1.570 ; TRST                                             ; Scan_Chain:scan_instance|Scan_Reg:In_Reg|L1[3]   ; TRST         ; TCLK        ; -0.500       ; 7.580      ; 8.871      ;
; 1.570 ; TRST                                             ; Scan_Chain:scan_instance|Scan_Reg:In_Reg|L1[2]   ; TRST         ; TCLK        ; -0.500       ; 7.580      ; 8.871      ;
; 1.570 ; TRST                                             ; Scan_Chain:scan_instance|Scan_Reg:In_Reg|L1[1]   ; TRST         ; TCLK        ; -0.500       ; 7.580      ; 8.871      ;
; 1.570 ; TRST                                             ; Scan_Chain:scan_instance|Scan_Reg:In_Reg|L1[0]   ; TRST         ; TCLK        ; -0.500       ; 7.580      ; 8.871      ;
; 1.570 ; TRST                                             ; Scan_Chain:scan_instance|Scan_Reg:In_Reg|L1[6]   ; TRST         ; TCLK        ; -0.500       ; 7.580      ; 8.871      ;
; 1.570 ; TRST                                             ; Scan_Chain:scan_instance|Scan_Reg:In_Reg|L1[5]   ; TRST         ; TCLK        ; -0.500       ; 7.580      ; 8.871      ;
; 1.644 ; Scan_Chain:scan_instance|Scan_Reg:In_Reg|L1[2]   ; Scan_Chain:scan_instance|Scan_Reg:In_Reg|L1[1]   ; TCLK         ; TCLK        ; 0.000        ; 0.000      ; 1.865      ;
; 1.650 ; TRST                                             ; Scan_Chain:scan_instance|Scan_Reg:Out_Reg|L1[0]  ; TRST         ; TCLK        ; -0.500       ; 7.580      ; 8.951      ;
; 1.661 ; Scan_Chain:scan_instance|Scan_Reg:In_Reg|L1[3]   ; Scan_Chain:scan_instance|Scan_Reg:In_Reg|L1[2]   ; TCLK         ; TCLK        ; 0.000        ; 0.000      ; 1.882      ;
; 1.661 ; Scan_Chain:scan_instance|current_state.s_DR      ; Scan_Chain:scan_instance|current_state.s_DR      ; TCLK         ; TCLK        ; 0.000        ; 0.000      ; 1.882      ;
; 1.662 ; Scan_Chain:scan_instance|current_state.s_DR      ; Scan_Chain:scan_instance|current_state.s_capture ; TCLK         ; TCLK        ; 0.000        ; 0.000      ; 1.883      ;
; 1.701 ; Scan_Chain:scan_instance|current_state.s_capture ; Scan_Chain:scan_instance|current_state.s_shift   ; TCLK         ; TCLK        ; 0.000        ; 0.000      ; 1.922      ;
; 1.701 ; Scan_Chain:scan_instance|current_state.s_capture ; Scan_Chain:scan_instance|current_state.s_update  ; TCLK         ; TCLK        ; 0.000        ; 0.000      ; 1.922      ;
; 1.815 ; TRST                                             ; Scan_Chain:scan_instance|Scan_Reg:In_Reg|L2[4]   ; TRST         ; TCLK        ; -0.500       ; 7.580      ; 9.116      ;
; 1.911 ; Scan_Chain:scan_instance|Scan_Reg:In_Reg|L1[1]   ; Scan_Chain:scan_instance|Scan_Reg:In_Reg|L1[0]   ; TCLK         ; TCLK        ; 0.000        ; 0.000      ; 2.132      ;
; 1.922 ; Scan_Chain:scan_instance|Scan_Reg:In_Reg|L1[5]   ; Scan_Chain:scan_instance|Scan_Reg:In_Reg|L1[4]   ; TCLK         ; TCLK        ; 0.000        ; 0.000      ; 2.143      ;
; 1.924 ; Scan_Chain:scan_instance|Scan_Reg:In_Reg|L1[6]   ; Scan_Chain:scan_instance|Scan_Reg:In_Reg|L1[5]   ; TCLK         ; TCLK        ; 0.000        ; 0.000      ; 2.145      ;
; 1.925 ; Scan_Chain:scan_instance|Scan_Reg:In_Reg|L1[4]   ; Scan_Chain:scan_instance|Scan_Reg:In_Reg|L1[3]   ; TCLK         ; TCLK        ; 0.000        ; 0.000      ; 2.146      ;
; 1.964 ; TRST                                             ; Scan_Chain:scan_instance|Scan_Reg:In_Reg|L2[1]   ; TRST         ; TCLK        ; -0.500       ; 7.580      ; 9.265      ;
; 2.005 ; TRST                                             ; Scan_Chain:scan_instance|Scan_Reg:In_Reg|L2[2]   ; TRST         ; TCLK        ; -0.500       ; 7.580      ; 9.306      ;
; 2.015 ; TRST                                             ; Scan_Chain:scan_instance|Scan_Reg:In_Reg|L2[6]   ; TRST         ; TCLK        ; -0.500       ; 7.580      ; 9.316      ;
; 2.135 ; Scan_Chain:scan_instance|current_state.s_idle    ; Scan_Chain:scan_instance|current_state.s_idle    ; TCLK         ; TCLK        ; 0.000        ; 0.000      ; 2.356      ;
; 2.164 ; Scan_Chain:scan_instance|current_state.s_shift   ; Scan_Chain:scan_instance|current_state.s_shift   ; TCLK         ; TCLK        ; 0.000        ; 0.000      ; 2.385      ;
; 2.171 ; Scan_Chain:scan_instance|current_state.s_shift   ; Scan_Chain:scan_instance|current_state.s_update  ; TCLK         ; TCLK        ; 0.000        ; 0.000      ; 2.392      ;
; 2.222 ; Scan_Chain:scan_instance|Scan_Reg:Out_Reg|L1[0]  ; Scan_Chain:scan_instance|Scan_Reg:Out_Reg|L1[0]  ; TCLK         ; TCLK        ; 0.000        ; 0.000      ; 2.443      ;
; 2.690 ; Scan_Chain:scan_instance|Scan_Reg:In_Reg|L1[6]   ; Scan_Chain:scan_instance|Scan_Reg:In_Reg|L2[6]   ; TCLK         ; TCLK        ; 0.000        ; 0.000      ; 2.911      ;
; 2.773 ; Scan_Chain:scan_instance|current_state.s_update  ; Scan_Chain:scan_instance|current_state.s_idle    ; TCLK         ; TCLK        ; 0.000        ; 0.000      ; 2.994      ;
; 2.941 ; Scan_Chain:scan_instance|current_state.s_idle    ; Scan_Chain:scan_instance|current_state.s_DR      ; TCLK         ; TCLK        ; 0.000        ; 0.000      ; 3.162      ;
; 3.184 ; Scan_Chain:scan_instance|Scan_Reg:In_Reg|L1[4]   ; Scan_Chain:scan_instance|Scan_Reg:In_Reg|L2[4]   ; TCLK         ; TCLK        ; 0.000        ; 0.000      ; 3.405      ;
; 3.548 ; Scan_Chain:scan_instance|Scan_Reg:In_Reg|L1[3]   ; Scan_Chain:scan_instance|Scan_Reg:In_Reg|L2[3]   ; TCLK         ; TCLK        ; 0.000        ; 0.000      ; 3.769      ;
; 3.652 ; Scan_Chain:scan_instance|Scan_Reg:In_Reg|L1[1]   ; Scan_Chain:scan_instance|Scan_Reg:In_Reg|L2[1]   ; TCLK         ; TCLK        ; 0.000        ; 0.000      ; 3.873      ;
; 3.857 ; Scan_Chain:scan_instance|Scan_Reg:In_Reg|L1[0]   ; Scan_Chain:scan_instance|Scan_Reg:In_Reg|L2[0]   ; TCLK         ; TCLK        ; 0.000        ; 0.000      ; 4.078      ;
; 3.981 ; Scan_Chain:scan_instance|Scan_Reg:In_Reg|L1[2]   ; Scan_Chain:scan_instance|Scan_Reg:In_Reg|L2[2]   ; TCLK         ; TCLK        ; 0.000        ; 0.000      ; 4.202      ;
; 3.998 ; Scan_Chain:scan_instance|Scan_Reg:In_Reg|L1[5]   ; Scan_Chain:scan_instance|Scan_Reg:In_Reg|L2[5]   ; TCLK         ; TCLK        ; 0.000        ; 0.000      ; 4.219      ;
; 4.784 ; Scan_Chain:scan_instance|current_state.s_update  ; Scan_Chain:scan_instance|Scan_Reg:Out_Reg|L1[0]  ; TCLK         ; TCLK        ; 0.000        ; 0.000      ; 5.005      ;
; 5.022 ; Scan_Chain:scan_instance|current_state.s_idle    ; Scan_Chain:scan_instance|Scan_Reg:Out_Reg|L1[0]  ; TCLK         ; TCLK        ; 0.000        ; 0.000      ; 5.243      ;
; 5.215 ; Scan_Chain:scan_instance|current_state.s_idle    ; Scan_Chain:scan_instance|Scan_Reg:In_Reg|L1[4]   ; TCLK         ; TCLK        ; 0.000        ; 0.000      ; 5.436      ;
; 5.215 ; Scan_Chain:scan_instance|current_state.s_idle    ; Scan_Chain:scan_instance|Scan_Reg:In_Reg|L1[3]   ; TCLK         ; TCLK        ; 0.000        ; 0.000      ; 5.436      ;
; 5.215 ; Scan_Chain:scan_instance|current_state.s_idle    ; Scan_Chain:scan_instance|Scan_Reg:In_Reg|L1[2]   ; TCLK         ; TCLK        ; 0.000        ; 0.000      ; 5.436      ;
; 5.215 ; Scan_Chain:scan_instance|current_state.s_idle    ; Scan_Chain:scan_instance|Scan_Reg:In_Reg|L1[1]   ; TCLK         ; TCLK        ; 0.000        ; 0.000      ; 5.436      ;
; 5.215 ; Scan_Chain:scan_instance|current_state.s_idle    ; Scan_Chain:scan_instance|Scan_Reg:In_Reg|L1[0]   ; TCLK         ; TCLK        ; 0.000        ; 0.000      ; 5.436      ;
; 5.215 ; Scan_Chain:scan_instance|current_state.s_idle    ; Scan_Chain:scan_instance|Scan_Reg:In_Reg|L1[6]   ; TCLK         ; TCLK        ; 0.000        ; 0.000      ; 5.436      ;
; 5.215 ; Scan_Chain:scan_instance|current_state.s_idle    ; Scan_Chain:scan_instance|Scan_Reg:In_Reg|L1[5]   ; TCLK         ; TCLK        ; 0.000        ; 0.000      ; 5.436      ;
; 5.537 ; Scan_Chain:scan_instance|current_state.s_capture ; Scan_Chain:scan_instance|Scan_Reg:In_Reg|L1[4]   ; TCLK         ; TCLK        ; 0.000        ; 0.000      ; 5.758      ;
; 5.701 ; Scan_Chain:scan_instance|current_state.s_capture ; Scan_Chain:scan_instance|Scan_Reg:In_Reg|L1[1]   ; TCLK         ; TCLK        ; 0.000        ; 0.000      ; 5.922      ;
; 5.702 ; Scan_Chain:scan_instance|current_state.s_capture ; Scan_Chain:scan_instance|Scan_Reg:In_Reg|L1[0]   ; TCLK         ; TCLK        ; 0.000        ; 0.000      ; 5.923      ;
; 5.702 ; Scan_Chain:scan_instance|current_state.s_capture ; Scan_Chain:scan_instance|Scan_Reg:In_Reg|L1[6]   ; TCLK         ; TCLK        ; 0.000        ; 0.000      ; 5.923      ;
; 5.706 ; Scan_Chain:scan_instance|current_state.s_capture ; Scan_Chain:scan_instance|Scan_Reg:In_Reg|L1[5]   ; TCLK         ; TCLK        ; 0.000        ; 0.000      ; 5.927      ;
; 5.708 ; Scan_Chain:scan_instance|current_state.s_capture ; Scan_Chain:scan_instance|Scan_Reg:In_Reg|L1[3]   ; TCLK         ; TCLK        ; 0.000        ; 0.000      ; 5.929      ;
; 5.708 ; Scan_Chain:scan_instance|current_state.s_capture ; Scan_Chain:scan_instance|Scan_Reg:In_Reg|L1[2]   ; TCLK         ; TCLK        ; 0.000        ; 0.000      ; 5.929      ;
; 5.766 ; Scan_Chain:scan_instance|current_state.s_capture ; Scan_Chain:scan_instance|Scan_Reg:Out_Reg|L1[0]  ; TCLK         ; TCLK        ; 0.000        ; 0.000      ; 5.987      ;
; 5.782 ; Scan_Chain:scan_instance|current_state.s_update  ; Scan_Chain:scan_instance|Scan_Reg:In_Reg|L1[4]   ; TCLK         ; TCLK        ; 0.000        ; 0.000      ; 6.003      ;
; 5.782 ; Scan_Chain:scan_instance|current_state.s_update  ; Scan_Chain:scan_instance|Scan_Reg:In_Reg|L1[3]   ; TCLK         ; TCLK        ; 0.000        ; 0.000      ; 6.003      ;
; 5.782 ; Scan_Chain:scan_instance|current_state.s_update  ; Scan_Chain:scan_instance|Scan_Reg:In_Reg|L1[2]   ; TCLK         ; TCLK        ; 0.000        ; 0.000      ; 6.003      ;
; 5.782 ; Scan_Chain:scan_instance|current_state.s_update  ; Scan_Chain:scan_instance|Scan_Reg:In_Reg|L1[1]   ; TCLK         ; TCLK        ; 0.000        ; 0.000      ; 6.003      ;
; 5.782 ; Scan_Chain:scan_instance|current_state.s_update  ; Scan_Chain:scan_instance|Scan_Reg:In_Reg|L1[0]   ; TCLK         ; TCLK        ; 0.000        ; 0.000      ; 6.003      ;
; 5.782 ; Scan_Chain:scan_instance|current_state.s_update  ; Scan_Chain:scan_instance|Scan_Reg:In_Reg|L1[6]   ; TCLK         ; TCLK        ; 0.000        ; 0.000      ; 6.003      ;
; 5.782 ; Scan_Chain:scan_instance|current_state.s_update  ; Scan_Chain:scan_instance|Scan_Reg:In_Reg|L1[5]   ; TCLK         ; TCLK        ; 0.000        ; 0.000      ; 6.003      ;
; 5.790 ; Scan_Chain:scan_instance|current_state.s_capture ; Scan_Chain:scan_instance|Scan_Reg:In_Reg|L2[1]   ; TCLK         ; TCLK        ; 0.000        ; 0.000      ; 6.011      ;
; 5.831 ; Scan_Chain:scan_instance|current_state.s_capture ; Scan_Chain:scan_instance|Scan_Reg:In_Reg|L2[2]   ; TCLK         ; TCLK        ; 0.000        ; 0.000      ; 6.052      ;
; 5.831 ; Scan_Chain:scan_instance|current_state.s_capture ; Scan_Chain:scan_instance|Scan_Reg:In_Reg|L2[0]   ; TCLK         ; TCLK        ; 0.000        ; 0.000      ; 6.052      ;
; 5.831 ; Scan_Chain:scan_instance|current_state.s_capture ; Scan_Chain:scan_instance|Scan_Reg:In_Reg|L2[4]   ; TCLK         ; TCLK        ; 0.000        ; 0.000      ; 6.052      ;
; 5.831 ; Scan_Chain:scan_instance|current_state.s_capture ; Scan_Chain:scan_instance|Scan_Reg:In_Reg|L2[3]   ; TCLK         ; TCLK        ; 0.000        ; 0.000      ; 6.052      ;
; 5.888 ; Scan_Chain:scan_instance|current_state.s_shift   ; Scan_Chain:scan_instance|Scan_Reg:In_Reg|L1[4]   ; TCLK         ; TCLK        ; 0.000        ; 0.000      ; 6.109      ;
; 5.926 ; Scan_Chain:scan_instance|current_state.s_capture ; Scan_Chain:scan_instance|Scan_Reg:In_Reg|L2[6]   ; TCLK         ; TCLK        ; 0.000        ; 0.000      ; 6.147      ;
; 6.052 ; Scan_Chain:scan_instance|current_state.s_capture ; Scan_Chain:scan_instance|Scan_Reg:In_Reg|L2[5]   ; TCLK         ; TCLK        ; 0.000        ; 0.000      ; 6.273      ;
; 6.052 ; Scan_Chain:scan_instance|current_state.s_shift   ; Scan_Chain:scan_instance|Scan_Reg:In_Reg|L1[1]   ; TCLK         ; TCLK        ; 0.000        ; 0.000      ; 6.273      ;
; 6.053 ; Scan_Chain:scan_instance|current_state.s_shift   ; Scan_Chain:scan_instance|Scan_Reg:In_Reg|L1[0]   ; TCLK         ; TCLK        ; 0.000        ; 0.000      ; 6.274      ;
; 6.053 ; Scan_Chain:scan_instance|current_state.s_shift   ; Scan_Chain:scan_instance|Scan_Reg:In_Reg|L1[6]   ; TCLK         ; TCLK        ; 0.000        ; 0.000      ; 6.274      ;
; 6.057 ; Scan_Chain:scan_instance|current_state.s_shift   ; Scan_Chain:scan_instance|Scan_Reg:In_Reg|L1[5]   ; TCLK         ; TCLK        ; 0.000        ; 0.000      ; 6.278      ;
; 6.059 ; Scan_Chain:scan_instance|current_state.s_shift   ; Scan_Chain:scan_instance|Scan_Reg:In_Reg|L1[3]   ; TCLK         ; TCLK        ; 0.000        ; 0.000      ; 6.280      ;
; 6.059 ; Scan_Chain:scan_instance|current_state.s_shift   ; Scan_Chain:scan_instance|Scan_Reg:In_Reg|L1[2]   ; TCLK         ; TCLK        ; 0.000        ; 0.000      ; 6.280      ;
; 6.117 ; Scan_Chain:scan_instance|current_state.s_shift   ; Scan_Chain:scan_instance|Scan_Reg:Out_Reg|L1[0]  ; TCLK         ; TCLK        ; 0.000        ; 0.000      ; 6.338      ;
; 6.142 ; Scan_Chain:scan_instance|current_state.s_shift   ; Scan_Chain:scan_instance|Scan_Reg:In_Reg|L2[1]   ; TCLK         ; TCLK        ; 0.000        ; 0.000      ; 6.363      ;
; 6.183 ; Scan_Chain:scan_instance|current_state.s_shift   ; Scan_Chain:scan_instance|Scan_Reg:In_Reg|L2[2]   ; TCLK         ; TCLK        ; 0.000        ; 0.000      ; 6.404      ;
; 6.183 ; Scan_Chain:scan_instance|current_state.s_shift   ; Scan_Chain:scan_instance|Scan_Reg:In_Reg|L2[0]   ; TCLK         ; TCLK        ; 0.000        ; 0.000      ; 6.404      ;
; 6.183 ; Scan_Chain:scan_instance|current_state.s_shift   ; Scan_Chain:scan_instance|Scan_Reg:In_Reg|L2[4]   ; TCLK         ; TCLK        ; 0.000        ; 0.000      ; 6.404      ;
; 6.183 ; Scan_Chain:scan_instance|current_state.s_shift   ; Scan_Chain:scan_instance|Scan_Reg:In_Reg|L2[3]   ; TCLK         ; TCLK        ; 0.000        ; 0.000      ; 6.404      ;
; 6.278 ; Scan_Chain:scan_instance|current_state.s_shift   ; Scan_Chain:scan_instance|Scan_Reg:In_Reg|L2[6]   ; TCLK         ; TCLK        ; 0.000        ; 0.000      ; 6.499      ;
; 6.352 ; Scan_Chain:scan_instance|Scan_Reg:In_Reg|L2[6]   ; Scan_Chain:scan_instance|Scan_Reg:Out_Reg|L1[0]  ; TCLK         ; TCLK        ; 0.000        ; 0.000      ; 6.573      ;
; 6.404 ; Scan_Chain:scan_instance|current_state.s_shift   ; Scan_Chain:scan_instance|Scan_Reg:In_Reg|L2[5]   ; TCLK         ; TCLK        ; 0.000        ; 0.000      ; 6.625      ;
+-------+--------------------------------------------------+--------------------------------------------------+--------------+-------------+--------------+------------+------------+


+---------------------------------------------------------------------------------------------------------------------------------------------+
; Recovery: 'TCLK'                                                                                                                            ;
+--------+-----------+--------------------------------------------------+--------------+-------------+--------------+------------+------------+
; Slack  ; From Node ; To Node                                          ; Launch Clock ; Latch Clock ; Relationship ; Clock Skew ; Data Delay ;
+--------+-----------+--------------------------------------------------+--------------+-------------+--------------+------------+------------+
; -1.663 ; TRST      ; Scan_Chain:scan_instance|current_state.s_capture ; TRST         ; TCLK        ; 0.500        ; 7.580      ; 9.410      ;
; -1.663 ; TRST      ; Scan_Chain:scan_instance|current_state.s_shift   ; TRST         ; TCLK        ; 0.500        ; 7.580      ; 9.410      ;
; -1.663 ; TRST      ; Scan_Chain:scan_instance|current_state.s_update  ; TRST         ; TCLK        ; 0.500        ; 7.580      ; 9.410      ;
; -1.663 ; TRST      ; Scan_Chain:scan_instance|current_state.s_idle    ; TRST         ; TCLK        ; 0.500        ; 7.580      ; 9.410      ;
; -1.663 ; TRST      ; Scan_Chain:scan_instance|current_state.s_DR      ; TRST         ; TCLK        ; 0.500        ; 7.580      ; 9.410      ;
; -1.163 ; TRST      ; Scan_Chain:scan_instance|current_state.s_capture ; TRST         ; TCLK        ; 1.000        ; 7.580      ; 9.410      ;
; -1.163 ; TRST      ; Scan_Chain:scan_instance|current_state.s_shift   ; TRST         ; TCLK        ; 1.000        ; 7.580      ; 9.410      ;
; -1.163 ; TRST      ; Scan_Chain:scan_instance|current_state.s_update  ; TRST         ; TCLK        ; 1.000        ; 7.580      ; 9.410      ;
; -1.163 ; TRST      ; Scan_Chain:scan_instance|current_state.s_idle    ; TRST         ; TCLK        ; 1.000        ; 7.580      ; 9.410      ;
; -1.163 ; TRST      ; Scan_Chain:scan_instance|current_state.s_DR      ; TRST         ; TCLK        ; 1.000        ; 7.580      ; 9.410      ;
+--------+-----------+--------------------------------------------------+--------------+-------------+--------------+------------+------------+


+--------------------------------------------------------------------------------------------------------------------------------------------+
; Removal: 'TCLK'                                                                                                                            ;
+-------+-----------+--------------------------------------------------+--------------+-------------+--------------+------------+------------+
; Slack ; From Node ; To Node                                          ; Launch Clock ; Latch Clock ; Relationship ; Clock Skew ; Data Delay ;
+-------+-----------+--------------------------------------------------+--------------+-------------+--------------+------------+------------+
; 1.609 ; TRST      ; Scan_Chain:scan_instance|current_state.s_capture ; TRST         ; TCLK        ; 0.000        ; 7.580      ; 9.410      ;
; 1.609 ; TRST      ; Scan_Chain:scan_instance|current_state.s_shift   ; TRST         ; TCLK        ; 0.000        ; 7.580      ; 9.410      ;
; 1.609 ; TRST      ; Scan_Chain:scan_instance|current_state.s_update  ; TRST         ; TCLK        ; 0.000        ; 7.580      ; 9.410      ;
; 1.609 ; TRST      ; Scan_Chain:scan_instance|current_state.s_idle    ; TRST         ; TCLK        ; 0.000        ; 7.580      ; 9.410      ;
; 1.609 ; TRST      ; Scan_Chain:scan_instance|current_state.s_DR      ; TRST         ; TCLK        ; 0.000        ; 7.580      ; 9.410      ;
; 2.109 ; TRST      ; Scan_Chain:scan_instance|current_state.s_capture ; TRST         ; TCLK        ; -0.500       ; 7.580      ; 9.410      ;
; 2.109 ; TRST      ; Scan_Chain:scan_instance|current_state.s_shift   ; TRST         ; TCLK        ; -0.500       ; 7.580      ; 9.410      ;
; 2.109 ; TRST      ; Scan_Chain:scan_instance|current_state.s_update  ; TRST         ; TCLK        ; -0.500       ; 7.580      ; 9.410      ;
; 2.109 ; TRST      ; Scan_Chain:scan_instance|current_state.s_idle    ; TRST         ; TCLK        ; -0.500       ; 7.580      ; 9.410      ;
; 2.109 ; TRST      ; Scan_Chain:scan_instance|current_state.s_DR      ; TRST         ; TCLK        ; -0.500       ; 7.580      ; 9.410      ;
+-------+-----------+--------------------------------------------------+--------------+-------------+--------------+------------+------------+


+-------------------------------------------------------------------+
; Setup Transfers                                                   ;
+------------+----------+----------+----------+----------+----------+
; From Clock ; To Clock ; RR Paths ; FR Paths ; RF Paths ; FF Paths ;
+------------+----------+----------+----------+----------+----------+
; TCLK       ; TCLK     ; 100      ; 0        ; 0        ; 0        ;
; TRST       ; TCLK     ; 61       ; 51       ; 0        ; 0        ;
; TCLK       ; TRST     ; 136      ; 0        ; 0        ; 0        ;
; TRST       ; TRST     ; 148      ; 91       ; 0        ; 0        ;
+------------+----------+----------+----------+----------+----------+
Entries labeled "false path" only account for clock-to-clock false paths and not path-based false paths. As a result, actual path counts may be lower than reported.


+-------------------------------------------------------------------+
; Hold Transfers                                                    ;
+------------+----------+----------+----------+----------+----------+
; From Clock ; To Clock ; RR Paths ; FR Paths ; RF Paths ; FF Paths ;
+------------+----------+----------+----------+----------+----------+
; TCLK       ; TCLK     ; 100      ; 0        ; 0        ; 0        ;
; TRST       ; TCLK     ; 61       ; 51       ; 0        ; 0        ;
; TCLK       ; TRST     ; 136      ; 0        ; 0        ; 0        ;
; TRST       ; TRST     ; 148      ; 91       ; 0        ; 0        ;
+------------+----------+----------+----------+----------+----------+
Entries labeled "false path" only account for clock-to-clock false paths and not path-based false paths. As a result, actual path counts may be lower than reported.


+-------------------------------------------------------------------+
; Recovery Transfers                                                ;
+------------+----------+----------+----------+----------+----------+
; From Clock ; To Clock ; RR Paths ; FR Paths ; RF Paths ; FF Paths ;
+------------+----------+----------+----------+----------+----------+
; TRST       ; TCLK     ; 5        ; 5        ; 0        ; 0        ;
+------------+----------+----------+----------+----------+----------+
Entries labeled "false path" only account for clock-to-clock false paths and not path-based false paths. As a result, actual path counts may be lower than reported.


+-------------------------------------------------------------------+
; Removal Transfers                                                 ;
+------------+----------+----------+----------+----------+----------+
; From Clock ; To Clock ; RR Paths ; FR Paths ; RF Paths ; FF Paths ;
+------------+----------+----------+----------+----------+----------+
; TRST       ; TCLK     ; 5        ; 5        ; 0        ; 0        ;
+------------+----------+----------+----------+----------+----------+
Entries labeled "false path" only account for clock-to-clock false paths and not path-based false paths. As a result, actual path counts may be lower than reported.


---------------
; Report TCCS ;
---------------
No dedicated SERDES Transmitter circuitry present in device or used in design


---------------
; Report RSKM ;
---------------
No non-DPA dedicated SERDES Receiver circuitry present in device or used in design


+------------------------------------------------+
; Unconstrained Paths Summary                    ;
+---------------------------------+-------+------+
; Property                        ; Setup ; Hold ;
+---------------------------------+-------+------+
; Illegal Clocks                  ; 0     ; 0    ;
; Unconstrained Clocks            ; 0     ; 0    ;
; Unconstrained Input Ports       ; 2     ; 2    ;
; Unconstrained Input Port Paths  ; 21    ; 21   ;
; Unconstrained Output Ports      ; 1     ; 1    ;
; Unconstrained Output Port Paths ; 1     ; 1    ;
+---------------------------------+-------+------+


+-------------------------------------+
; Clock Status Summary                ;
+--------+-------+------+-------------+
; Target ; Clock ; Type ; Status      ;
+--------+-------+------+-------------+
; TCLK   ; TCLK  ; Base ; Constrained ;
; TRST   ; TRST  ; Base ; Constrained ;
+--------+-------+------+-------------+


+---------------------------------------------------------------------------------------------------+
; Unconstrained Input Ports                                                                         ;
+------------+--------------------------------------------------------------------------------------+
; Input Port ; Comment                                                                              ;
+------------+--------------------------------------------------------------------------------------+
; TDI        ; No input delay, min/max delays, false-path exceptions, or max skew assignments found ;
; TMS        ; No input delay, min/max delays, false-path exceptions, or max skew assignments found ;
+------------+--------------------------------------------------------------------------------------+


+-----------------------------------------------------------------------------------------------------+
; Unconstrained Output Ports                                                                          ;
+-------------+---------------------------------------------------------------------------------------+
; Output Port ; Comment                                                                               ;
+-------------+---------------------------------------------------------------------------------------+
; TDO         ; No output delay, min/max delays, false-path exceptions, or max skew assignments found ;
+-------------+---------------------------------------------------------------------------------------+


+---------------------------------------------------------------------------------------------------+
; Unconstrained Input Ports                                                                         ;
+------------+--------------------------------------------------------------------------------------+
; Input Port ; Comment                                                                              ;
+------------+--------------------------------------------------------------------------------------+
; TDI        ; No input delay, min/max delays, false-path exceptions, or max skew assignments found ;
; TMS        ; No input delay, min/max delays, false-path exceptions, or max skew assignments found ;
+------------+--------------------------------------------------------------------------------------+


+-----------------------------------------------------------------------------------------------------+
; Unconstrained Output Ports                                                                          ;
+-------------+---------------------------------------------------------------------------------------+
; Output Port ; Comment                                                                               ;
+-------------+---------------------------------------------------------------------------------------+
; TDO         ; No output delay, min/max delays, false-path exceptions, or max skew assignments found ;
+-------------+---------------------------------------------------------------------------------------+


+------------------------------------+
; TimeQuest Timing Analyzer Messages ;
+------------------------------------+
Info: *******************************************************************
Info: Running Quartus Prime TimeQuest Timing Analyzer
    Info: Version 16.1.0 Build 196 10/24/2016 SJ Lite Edition
    Info: Processing started: Fri Mar  9 23:28:29 2018
Info: Command: quartus_sta gunman -c gunman
Info: qsta_default_script.tcl version: #1
Warning (18236): Number of processors has not been specified which may cause overloading on shared machines.  Set the global assignment NUM_PARALLEL_PROCESSORS in your QSF to an appropriate value for best performance.
Info (20030): Parallel compilation is enabled and will use 2 of the 2 processors detected
Info (21077): Low junction temperature is 0 degrees C
Info (21077): High junction temperature is 85 degrees C
Info (334003): Started post-fitting delay annotation
Info (334004): Delay annotation completed successfully
Critical Warning (332012): Synopsys Design Constraints File file not found: 'gunman.sdc'. A Synopsys Design Constraints File is required by the TimeQuest Timing Analyzer to get proper timing constraints. Without it, the Compiler will not properly optimize the design.
Info (332142): No user constrained base clocks found in the design. Calling "derive_clocks -period 1.0"
Info (332105): Deriving Clocks
    Info (332105): create_clock -period 1.000 -name TCLK TCLK
    Info (332105): create_clock -period 1.000 -name TRST TRST
Info: Found TIMEQUEST_REPORT_SCRIPT_INCLUDE_DEFAULT_ANALYSIS = ON
Info: Can't run Report Timing Closure Recommendations. The current device family is not supported.
Critical Warning (332148): Timing requirements not met
Info (332146): Worst-case setup slack is -9.336
    Info (332119):     Slack       End Point TNS Clock 
    Info (332119): ========= =================== =====================
    Info (332119):    -9.336             -98.350 TCLK 
    Info (332119):    -7.298             -70.462 TRST 
Info (332146): Worst-case hold slack is 0.608
    Info (332119):     Slack       End Point TNS Clock 
    Info (332119): ========= =================== =====================
    Info (332119):     0.608               0.000 TRST 
    Info (332119):     0.815               0.000 TCLK 
Info (332146): Worst-case recovery slack is -1.663
    Info (332119):     Slack       End Point TNS Clock 
    Info (332119): ========= =================== =====================
    Info (332119):    -1.663              -8.315 TCLK 
Info (332146): Worst-case removal slack is 1.609
    Info (332119):     Slack       End Point TNS Clock 
    Info (332119): ========= =================== =====================
    Info (332119):     1.609               0.000 TCLK 
Info (332146): Worst-case minimum pulse width slack is -2.289
    Info (332119):     Slack       End Point TNS Clock 
    Info (332119): ========= =================== =====================
    Info (332119):    -2.289              -2.289 TCLK 
    Info (332119):    -2.289              -2.289 TRST 
Info (332001): The selected device family is not supported by the report_metastability command.
Info (332102): Design is not fully constrained for setup requirements
Info (332102): Design is not fully constrained for hold requirements
Info: Quartus Prime TimeQuest Timing Analyzer was successful. 0 errors, 3 warnings
    Info: Peak virtual memory: 723 megabytes
    Info: Processing ended: Fri Mar  9 23:28:30 2018
    Info: Elapsed time: 00:00:01
    Info: Total CPU time (on all processors): 00:00:01


